<?xml version="1.0" encoding="utf-8"?>
<test-run id="2" name="Schafkopf-Test.exe" fullname="C:/Users/johan/Documents/GitHub/schafkopf/Schafkopf/Schafkopf-Test/bin/Debug/Schafkopf-Test.exe" testcasecount="13" result="Passed" start-time="2020-03-24 10:03:27Z" end-time="2020-03-24 10:03:27Z" duration="0.212394" total="13" passed="13" failed="0" inconclusive="0" skipped="0" asserts="54" random-seed="1962701096">
  <command-line><![CDATA["C:\Users\johan\Documents\GitHub\schafkopf\Schafkopf\Schafkopf-Test\bin\Debug\Schafkopf-Test.exe"   ]]></command-line>
  <filter />
  <test-suite type="Assembly" id="1015" name="Schafkopf-Test.exe" fullname="C:/Users/johan/Documents/GitHub/schafkopf/Schafkopf/Schafkopf-Test/bin/Debug/Schafkopf-Test.exe" runstate="Runnable" testcasecount="13" result="Passed" start-time="2020-03-24 10:03:27Z" end-time="2020-03-24 10:03:27Z" duration="0.212394" total="13" passed="13" failed="0" warnings="0" inconclusive="0" skipped="0" asserts="54">
    <environment framework-version="3.12.0.0" clr-version="4.0.30319.42000" os-version="Microsoft Windows NT 10.0.17763" platform="Win32NT" cwd="C:\Users\johan\Documents\GitHub\schafkopf\Schafkopf\Schafkopf-Test\bin\Debug" machine-name="DESKTOP-86HSREF" user="johan" user-domain="DESKTOP-86HSREF" culture="de-DE" uiculture="de-DE" os-architecture="x86" />
    <settings>
      <setting name="WorkDirectory" value="C:\Users\johan\Documents\GitHub\schafkopf\Schafkopf\Schafkopf-Test\bin\Debug" />
      <setting name="NumberOfTestWorkers" value="8" />
    </settings>
    <properties>
      <property name="_PID" value="12208" />
      <property name="_APPDOMAIN" value="Schafkopf-Test.exe" />
    </properties>
    <test-suite type="TestSuite" id="1016" name="Schafkopf_Test" fullname="Schafkopf_Test" runstate="Runnable" testcasecount="13" result="Passed" start-time="2020-03-24 10:03:27Z" end-time="2020-03-24 10:03:27Z" duration="0.193139" total="13" passed="13" failed="0" warnings="0" inconclusive="0" skipped="0" asserts="54">
      <test-suite type="TestFixture" id="1000" name="SauspielTest" fullname="Schafkopf_Test.SauspielTest" classname="Schafkopf_Test.SauspielTest" runstate="Runnable" testcasecount="10" result="Passed" start-time="2020-03-24 10:03:27Z" end-time="2020-03-24 10:03:27Z" duration="0.145292" total="10" passed="10" failed="0" warnings="0" inconclusive="0" skipped="0" asserts="17">
        <test-case id="1004" name="TestConstruction" fullname="Schafkopf_Test.SauspielTest.TestConstruction" methodname="TestConstruction" classname="Schafkopf_Test.SauspielTest" runstate="Runnable" seed="2059166286" result="Passed" start-time="2020-03-24 10:03:27Z" end-time="2020-03-24 10:03:27Z" duration="0.093598" asserts="3" />
        <test-case id="1007" name="TestEichelOber" fullname="Schafkopf_Test.SauspielTest.TestEichelOber" methodname="TestEichelOber" classname="Schafkopf_Test.SauspielTest" runstate="Runnable" seed="1642970066" result="Passed" start-time="2020-03-24 10:03:27Z" end-time="2020-03-24 10:03:27Z" duration="0.007410" asserts="2" />
        <test-case id="1010" name="TestErsteFarbeGespielt" fullname="Schafkopf_Test.SauspielTest.TestErsteFarbeGespielt" methodname="TestErsteFarbeGespielt" classname="Schafkopf_Test.SauspielTest" runstate="Runnable" seed="1327963114" result="Passed" start-time="2020-03-24 10:03:27Z" end-time="2020-03-24 10:03:27Z" duration="0.002129" asserts="2" />
        <test-case id="1008" name="TestHerz" fullname="Schafkopf_Test.SauspielTest.TestHerz" methodname="TestHerz" classname="Schafkopf_Test.SauspielTest" runstate="Runnable" seed="584222218" result="Passed" start-time="2020-03-24 10:03:27Z" end-time="2020-03-24 10:03:27Z" duration="0.001576" asserts="2" />
        <test-case id="1005" name="TestHighestColor" fullname="Schafkopf_Test.SauspielTest.TestHighestColor" methodname="TestHighestColor" classname="Schafkopf_Test.SauspielTest" runstate="Runnable" seed="1171379276" result="Passed" start-time="2020-03-24 10:03:27Z" end-time="2020-03-24 10:03:27Z" duration="0.004154" asserts="1" />
        <test-case id="1006" name="TestHighestPoints" fullname="Schafkopf_Test.SauspielTest.TestHighestPoints" methodname="TestHighestPoints" classname="Schafkopf_Test.SauspielTest" runstate="Runnable" seed="1738032968" result="Passed" start-time="2020-03-24 10:03:27Z" end-time="2020-03-24 10:03:27Z" duration="0.001064" asserts="2" />
        <test-case id="1001" name="TestIfAss" fullname="Schafkopf_Test.SauspielTest.TestIfAss" methodname="TestIfAss" classname="Schafkopf_Test.SauspielTest" runstate="Runnable" seed="552501631" result="Passed" start-time="2020-03-24 10:03:27Z" end-time="2020-03-24 10:03:27Z" duration="0.015491" asserts="1" />
        <test-case id="1002" name="TestIfPlayerDoesNotHaveColor" fullname="Schafkopf_Test.SauspielTest.TestIfPlayerDoesNotHaveColor" methodname="TestIfPlayerDoesNotHaveColor" classname="Schafkopf_Test.SauspielTest" runstate="Runnable" seed="230721342" result="Passed" start-time="2020-03-24 10:03:27Z" end-time="2020-03-24 10:03:27Z" duration="0.001205" asserts="1" />
        <test-case id="1003" name="TestIfPlayerHasAssHimself" fullname="Schafkopf_Test.SauspielTest.TestIfPlayerHasAssHimself" methodname="TestIfPlayerHasAssHimself" classname="Schafkopf_Test.SauspielTest" runstate="Runnable" seed="2127514669" result="Passed" start-time="2020-03-24 10:03:27Z" end-time="2020-03-24 10:03:27Z" duration="0.000997" asserts="1" />
        <test-case id="1009" name="TestOberFarbe" fullname="Schafkopf_Test.SauspielTest.TestOberFarbe" methodname="TestOberFarbe" classname="Schafkopf_Test.SauspielTest" runstate="Runnable" seed="1774803620" result="Passed" start-time="2020-03-24 10:03:27Z" end-time="2020-03-24 10:03:27Z" duration="0.002196" asserts="2" />
      </test-suite>
      <test-suite type="TestFixture" id="1011" name="SchafkopfGameTest" fullname="Schafkopf_Test.SchafkopfGameTest" classname="Schafkopf_Test.SchafkopfGameTest" runstate="Runnable" testcasecount="3" result="Passed" start-time="2020-03-24 10:03:27Z" end-time="2020-03-24 10:03:27Z" duration="0.038527" total="3" passed="3" failed="0" warnings="0" inconclusive="0" skipped="0" asserts="37">
        <test-case id="1014" name="CheckIfCardDuplicated" fullname="Schafkopf_Test.SchafkopfGameTest.CheckIfCardDuplicated" methodname="CheckIfCardDuplicated" classname="Schafkopf_Test.SchafkopfGameTest" runstate="Runnable" seed="1599715524" result="Passed" start-time="2020-03-24 10:03:27Z" end-time="2020-03-24 10:03:27Z" duration="0.032772" asserts="32" />
        <test-case id="1013" name="TestNumberOfCards" fullname="Schafkopf_Test.SchafkopfGameTest.TestNumberOfCards" methodname="TestNumberOfCards" classname="Schafkopf_Test.SchafkopfGameTest" runstate="Runnable" seed="797113382" result="Passed" start-time="2020-03-24 10:03:27Z" end-time="2020-03-24 10:03:27Z" duration="0.004730" asserts="4" />
        <test-case id="1012" name="TestNumberOfPlayers" fullname="Schafkopf_Test.SchafkopfGameTest.TestNumberOfPlayers" methodname="TestNumberOfPlayers" classname="Schafkopf_Test.SchafkopfGameTest" runstate="Runnable" seed="1652639912" result="Passed" start-time="2020-03-24 10:03:27Z" end-time="2020-03-24 10:03:27Z" duration="0.000624" asserts="1" />
      </test-suite>
    </test-suite>
  </test-suite>
</test-run>