<?xml version="1.0" encoding="utf-8"?>
<test-run id="2" name="Schafkopf-Test.exe" fullname="C:/Users/johan/Documents/GitHub/schafkopf/Schafkopf/Schafkopf-Test/bin/Debug/Schafkopf-Test.exe" testcasecount="15" result="Passed" start-time="2020-04-04 17:46:54Z" end-time="2020-04-04 17:46:54Z" duration="0.144063" total="15" passed="15" failed="0" inconclusive="0" skipped="0" asserts="66" random-seed="1748286111">
  <command-line><![CDATA["C:\Users\johan\Documents\GitHub\schafkopf\Schafkopf\Schafkopf-Test\bin\Debug\Schafkopf-Test.exe"   ]]></command-line>
  <filter />
  <test-suite type="Assembly" id="1017" name="Schafkopf-Test.exe" fullname="C:/Users/johan/Documents/GitHub/schafkopf/Schafkopf/Schafkopf-Test/bin/Debug/Schafkopf-Test.exe" runstate="Runnable" testcasecount="15" result="Passed" start-time="2020-04-04 17:46:54Z" end-time="2020-04-04 17:46:54Z" duration="0.144063" total="15" passed="15" failed="0" warnings="0" inconclusive="0" skipped="0" asserts="66">
    <environment framework-version="3.12.0.0" clr-version="4.0.30319.42000" os-version="Microsoft Windows NT 10.0.17763" platform="Win32NT" cwd="C:\Users\johan\Documents\GitHub\schafkopf\Schafkopf\Schafkopf-Test\bin\Debug" machine-name="DESKTOP-86HSREF" user="johan" user-domain="DESKTOP-86HSREF" culture="de-DE" uiculture="de-DE" os-architecture="x86" />
    <settings>
      <setting name="WorkDirectory" value="C:\Users\johan\Documents\GitHub\schafkopf\Schafkopf\Schafkopf-Test\bin\Debug" />
      <setting name="NumberOfTestWorkers" value="8" />
    </settings>
    <properties>
      <property name="_PID" value="11552" />
      <property name="_APPDOMAIN" value="Schafkopf-Test.exe" />
    </properties>
    <test-suite type="TestSuite" id="1018" name="Schafkopf_Test" fullname="Schafkopf_Test" runstate="Runnable" testcasecount="15" result="Passed" start-time="2020-04-04 17:46:54Z" end-time="2020-04-04 17:46:54Z" duration="0.133053" total="15" passed="15" failed="0" warnings="0" inconclusive="0" skipped="0" asserts="66">
      <test-suite type="TestFixture" id="1000" name="SauspielTest" fullname="Schafkopf_Test.SauspielTest" classname="Schafkopf_Test.SauspielTest" runstate="Runnable" testcasecount="10" result="Passed" start-time="2020-04-04 17:46:54Z" end-time="2020-04-04 17:46:54Z" duration="0.100265" total="10" passed="10" failed="0" warnings="0" inconclusive="0" skipped="0" asserts="17">
        <test-case id="1004" name="TestConstruction" fullname="Schafkopf_Test.SauspielTest.TestConstruction" methodname="TestConstruction" classname="Schafkopf_Test.SauspielTest" runstate="Runnable" seed="25500736" result="Passed" start-time="2020-04-04 17:46:54Z" end-time="2020-04-04 17:46:54Z" duration="0.069947" asserts="3" />
        <test-case id="1007" name="TestEichelOber" fullname="Schafkopf_Test.SauspielTest.TestEichelOber" methodname="TestEichelOber" classname="Schafkopf_Test.SauspielTest" runstate="Runnable" seed="276388164" result="Passed" start-time="2020-04-04 17:46:54Z" end-time="2020-04-04 17:46:54Z" duration="0.004792" asserts="2" />
        <test-case id="1010" name="TestErsteFarbeGespielt" fullname="Schafkopf_Test.SauspielTest.TestErsteFarbeGespielt" methodname="TestErsteFarbeGespielt" classname="Schafkopf_Test.SauspielTest" runstate="Runnable" seed="1112558156" result="Passed" start-time="2020-04-04 17:46:54Z" end-time="2020-04-04 17:46:54Z" duration="0.001255" asserts="2" />
        <test-case id="1008" name="TestHerz" fullname="Schafkopf_Test.SauspielTest.TestHerz" methodname="TestHerz" classname="Schafkopf_Test.SauspielTest" runstate="Runnable" seed="629580152" result="Passed" start-time="2020-04-04 17:46:54Z" end-time="2020-04-04 17:46:54Z" duration="0.000918" asserts="2" />
        <test-case id="1005" name="TestHighestColor" fullname="Schafkopf_Test.SauspielTest.TestHighestColor" methodname="TestHighestColor" classname="Schafkopf_Test.SauspielTest" runstate="Runnable" seed="1317136435" result="Passed" start-time="2020-04-04 17:46:54Z" end-time="2020-04-04 17:46:54Z" duration="0.002602" asserts="1" />
        <test-case id="1006" name="TestHighestPoints" fullname="Schafkopf_Test.SauspielTest.TestHighestPoints" methodname="TestHighestPoints" classname="Schafkopf_Test.SauspielTest" runstate="Runnable" seed="2101417514" result="Passed" start-time="2020-04-04 17:46:54Z" end-time="2020-04-04 17:46:54Z" duration="0.000590" asserts="2" />
        <test-case id="1001" name="TestIfAss" fullname="Schafkopf_Test.SauspielTest.TestIfAss" methodname="TestIfAss" classname="Schafkopf_Test.SauspielTest" runstate="Runnable" seed="1858857980" result="Passed" start-time="2020-04-04 17:46:54Z" end-time="2020-04-04 17:46:54Z" duration="0.010044" asserts="1" />
        <test-case id="1002" name="TestIfPlayerDoesNotHaveColor" fullname="Schafkopf_Test.SauspielTest.TestIfPlayerDoesNotHaveColor" methodname="TestIfPlayerDoesNotHaveColor" classname="Schafkopf_Test.SauspielTest" runstate="Runnable" seed="358567199" result="Passed" start-time="2020-04-04 17:46:54Z" end-time="2020-04-04 17:46:54Z" duration="0.000593" asserts="1" />
        <test-case id="1003" name="TestIfPlayerHasAssHimself" fullname="Schafkopf_Test.SauspielTest.TestIfPlayerHasAssHimself" methodname="TestIfPlayerHasAssHimself" classname="Schafkopf_Test.SauspielTest" runstate="Runnable" seed="391824080" result="Passed" start-time="2020-04-04 17:46:54Z" end-time="2020-04-04 17:46:54Z" duration="0.000457" asserts="1" />
        <test-case id="1009" name="TestOberFarbe" fullname="Schafkopf_Test.SauspielTest.TestOberFarbe" methodname="TestOberFarbe" classname="Schafkopf_Test.SauspielTest" runstate="Runnable" seed="952992023" result="Passed" start-time="2020-04-04 17:46:54Z" end-time="2020-04-04 17:46:54Z" duration="0.000969" asserts="2" />
      </test-suite>
      <test-suite type="TestFixture" id="1011" name="SchafkopfGameTest" fullname="Schafkopf_Test.SchafkopfGameTest" classname="Schafkopf_Test.SchafkopfGameTest" runstate="Runnable" testcasecount="5" result="Passed" start-time="2020-04-04 17:46:54Z" end-time="2020-04-04 17:46:54Z" duration="0.028259" total="5" passed="5" failed="0" warnings="0" inconclusive="0" skipped="0" asserts="49">
        <test-case id="1014" name="CheckIfCardDuplicated" fullname="Schafkopf_Test.SchafkopfGameTest.CheckIfCardDuplicated" methodname="CheckIfCardDuplicated" classname="Schafkopf_Test.SchafkopfGameTest" runstate="Runnable" seed="1795621316" result="Passed" start-time="2020-04-04 17:46:54Z" end-time="2020-04-04 17:46:54Z" duration="0.015956" asserts="32" />
        <test-case id="1015" name="TestGetCardByValue" fullname="Schafkopf_Test.SchafkopfGameTest.TestGetCardByValue" methodname="TestGetCardByValue" classname="Schafkopf_Test.SchafkopfGameTest" runstate="Runnable" seed="1157053001" result="Passed" start-time="2020-04-04 17:46:54Z" end-time="2020-04-04 17:46:54Z" duration="0.006781" asserts="2" />
        <test-case id="1013" name="TestNumberOfCards" fullname="Schafkopf_Test.SchafkopfGameTest.TestNumberOfCards" methodname="TestNumberOfCards" classname="Schafkopf_Test.SchafkopfGameTest" runstate="Runnable" seed="1908103385" result="Passed" start-time="2020-04-04 17:46:54Z" end-time="2020-04-04 17:46:54Z" duration="0.002158" asserts="4" />
        <test-case id="1012" name="TestNumberOfPlayers" fullname="Schafkopf_Test.SchafkopfGameTest.TestNumberOfPlayers" methodname="TestNumberOfPlayers" classname="Schafkopf_Test.SchafkopfGameTest" runstate="Runnable" seed="219292911" result="Passed" start-time="2020-04-04 17:46:54Z" end-time="2020-04-04 17:46:54Z" duration="0.000397" asserts="1" />
        <test-case id="1016" name="TestRedistributeStich" fullname="Schafkopf_Test.SchafkopfGameTest.TestRedistributeStich" methodname="TestRedistributeStich" classname="Schafkopf_Test.SchafkopfGameTest" runstate="Runnable" seed="315579946" result="Passed" start-time="2020-04-04 17:46:54Z" end-time="2020-04-04 17:46:54Z" duration="0.002711" asserts="10" />
      </test-suite>
    </test-suite>
  </test-suite>
</test-run>