<?xml version="1.0" encoding="utf-8"?>
<test-run id="2" name="Schafkopf-Test.exe" fullname="C:/Users/johan/Documents/GitHub/schafkopf/Schafkopf/Schafkopf-Test/bin/Debug/Schafkopf-Test.exe" testcasecount="20" result="Passed" start-time="2020-04-20 13:26:37Z" end-time="2020-04-20 13:26:37Z" duration="0.160327" total="20" passed="20" failed="0" inconclusive="0" skipped="0" asserts="75" random-seed="524205577">
  <command-line><![CDATA["C:\Users\johan\Documents\GitHub\schafkopf\Schafkopf\Schafkopf-Test\bin\Debug\Schafkopf-Test.exe"   ]]></command-line>
  <filter />
  <test-suite type="Assembly" id="1022" name="Schafkopf-Test.exe" fullname="C:/Users/johan/Documents/GitHub/schafkopf/Schafkopf/Schafkopf-Test/bin/Debug/Schafkopf-Test.exe" runstate="Runnable" testcasecount="20" result="Passed" start-time="2020-04-20 13:26:37Z" end-time="2020-04-20 13:26:37Z" duration="0.160327" total="20" passed="20" failed="0" warnings="0" inconclusive="0" skipped="0" asserts="75">
    <environment framework-version="3.12.0.0" clr-version="4.0.30319.42000" os-version="Microsoft Windows NT 10.0.17763" platform="Win32NT" cwd="C:\Users\johan\Documents\GitHub\schafkopf\Schafkopf\Schafkopf-Test\bin\Debug" machine-name="DESKTOP-86HSREF" user="johan" user-domain="DESKTOP-86HSREF" culture="de-DE" uiculture="de-DE" os-architecture="x86" />
    <settings>
      <setting name="WorkDirectory" value="C:\Users\johan\Documents\GitHub\schafkopf\Schafkopf\Schafkopf-Test\bin\Debug" />
      <setting name="NumberOfTestWorkers" value="8" />
    </settings>
    <properties>
      <property name="_PID" value="16996" />
      <property name="_APPDOMAIN" value="Schafkopf-Test.exe" />
    </properties>
    <test-suite type="TestSuite" id="1023" name="Schafkopf_Test" fullname="Schafkopf_Test" runstate="Runnable" testcasecount="20" result="Passed" start-time="2020-04-20 13:26:37Z" end-time="2020-04-20 13:26:37Z" duration="0.143813" total="20" passed="20" failed="0" warnings="0" inconclusive="0" skipped="0" asserts="75">
      <test-suite type="TestFixture" id="1000" name="SauspielTest" fullname="Schafkopf_Test.SauspielTest" classname="Schafkopf_Test.SauspielTest" runstate="Runnable" testcasecount="12" result="Passed" start-time="2020-04-20 13:26:37Z" end-time="2020-04-20 13:26:37Z" duration="0.105029" total="12" passed="12" failed="0" warnings="0" inconclusive="0" skipped="0" asserts="20">
        <test-case id="1004" name="TestConstruction" fullname="Schafkopf_Test.SauspielTest.TestConstruction" methodname="TestConstruction" classname="Schafkopf_Test.SauspielTest" runstate="Runnable" seed="1307904001" result="Passed" start-time="2020-04-20 13:26:37Z" end-time="2020-04-20 13:26:37Z" duration="0.069162" asserts="3" />
        <test-case id="1007" name="TestEichelOber" fullname="Schafkopf_Test.SauspielTest.TestEichelOber" methodname="TestEichelOber" classname="Schafkopf_Test.SauspielTest" runstate="Runnable" seed="452700612" result="Passed" start-time="2020-04-20 13:26:37Z" end-time="2020-04-20 13:26:37Z" duration="0.005529" asserts="2" />
        <test-case id="1010" name="TestErsteFarbeGespielt" fullname="Schafkopf_Test.SauspielTest.TestErsteFarbeGespielt" methodname="TestErsteFarbeGespielt" classname="Schafkopf_Test.SauspielTest" runstate="Runnable" seed="353294158" result="Passed" start-time="2020-04-20 13:26:37Z" end-time="2020-04-20 13:26:37Z" duration="0.001597" asserts="2" />
        <test-case id="1008" name="TestHerz" fullname="Schafkopf_Test.SauspielTest.TestHerz" methodname="TestHerz" classname="Schafkopf_Test.SauspielTest" runstate="Runnable" seed="768244649" result="Passed" start-time="2020-04-20 13:26:37Z" end-time="2020-04-20 13:26:37Z" duration="0.001192" asserts="2" />
        <test-case id="1005" name="TestHighestColor" fullname="Schafkopf_Test.SauspielTest.TestHighestColor" methodname="TestHighestColor" classname="Schafkopf_Test.SauspielTest" runstate="Runnable" seed="2102903685" result="Passed" start-time="2020-04-20 13:26:37Z" end-time="2020-04-20 13:26:37Z" duration="0.003318" asserts="1" />
        <test-case id="1006" name="TestHighestPoints" fullname="Schafkopf_Test.SauspielTest.TestHighestPoints" methodname="TestHighestPoints" classname="Schafkopf_Test.SauspielTest" runstate="Runnable" seed="1261359902" result="Passed" start-time="2020-04-20 13:26:37Z" end-time="2020-04-20 13:26:37Z" duration="0.000729" asserts="2" />
        <test-case id="1001" name="TestIfAss" fullname="Schafkopf_Test.SauspielTest.TestIfAss" methodname="TestIfAss" classname="Schafkopf_Test.SauspielTest" runstate="Runnable" seed="1005399330" result="Passed" start-time="2020-04-20 13:26:37Z" end-time="2020-04-20 13:26:37Z" duration="0.010066" asserts="1" />
        <test-case id="1002" name="TestIfPlayerDoesNotHaveColor" fullname="Schafkopf_Test.SauspielTest.TestIfPlayerDoesNotHaveColor" methodname="TestIfPlayerDoesNotHaveColor" classname="Schafkopf_Test.SauspielTest" runstate="Runnable" seed="1558796598" result="Passed" start-time="2020-04-20 13:26:37Z" end-time="2020-04-20 13:26:37Z" duration="0.000572" asserts="1" />
        <test-case id="1003" name="TestIfPlayerHasAssHimself" fullname="Schafkopf_Test.SauspielTest.TestIfPlayerHasAssHimself" methodname="TestIfPlayerHasAssHimself" classname="Schafkopf_Test.SauspielTest" runstate="Runnable" seed="2142905150" result="Passed" start-time="2020-04-20 13:26:37Z" end-time="2020-04-20 13:26:37Z" duration="0.000447" asserts="1" />
        <test-case id="1009" name="TestOberFarbe" fullname="Schafkopf_Test.SauspielTest.TestOberFarbe" methodname="TestOberFarbe" classname="Schafkopf_Test.SauspielTest" runstate="Runnable" seed="1255471136" result="Passed" start-time="2020-04-20 13:26:37Z" end-time="2020-04-20 13:26:37Z" duration="0.001037" asserts="2" />
        <test-case id="1011" name="TestPassColorCorrect" fullname="Schafkopf_Test.SauspielTest.TestPassColorCorrect" methodname="TestPassColorCorrect" classname="Schafkopf_Test.SauspielTest" runstate="Runnable" seed="424304688" result="Passed" start-time="2020-04-20 13:26:37Z" end-time="2020-04-20 13:26:37Z" duration="0.001379" asserts="1" />
        <test-case id="1012" name="TestPassColorFalse" fullname="Schafkopf_Test.SauspielTest.TestPassColorFalse" methodname="TestPassColorFalse" classname="Schafkopf_Test.SauspielTest" runstate="Runnable" seed="411016587" result="Passed" start-time="2020-04-20 13:26:37Z" end-time="2020-04-20 13:26:37Z" duration="0.001022" asserts="2" />
      </test-suite>
      <test-suite type="TestFixture" id="1013" name="SchafkopfGameTest" fullname="Schafkopf_Test.SchafkopfGameTest" classname="Schafkopf_Test.SchafkopfGameTest" runstate="Runnable" testcasecount="8" result="Passed" start-time="2020-04-20 13:26:37Z" end-time="2020-04-20 13:26:37Z" duration="0.033401" total="8" passed="8" failed="0" warnings="0" inconclusive="0" skipped="0" asserts="55">
        <test-case id="1016" name="CheckIfCardDuplicated" fullname="Schafkopf_Test.SchafkopfGameTest.CheckIfCardDuplicated" methodname="CheckIfCardDuplicated" classname="Schafkopf_Test.SchafkopfGameTest" runstate="Runnable" seed="1939575349" result="Passed" start-time="2020-04-20 13:26:37Z" end-time="2020-04-20 13:26:37Z" duration="0.016823" asserts="32" />
        <test-case id="1020" name="TestCountPoints" fullname="Schafkopf_Test.SchafkopfGameTest.TestCountPoints" methodname="TestCountPoints" classname="Schafkopf_Test.SchafkopfGameTest" runstate="Runnable" seed="210042711" result="Passed" start-time="2020-04-20 13:26:37Z" end-time="2020-04-20 13:26:37Z" duration="0.004618" asserts="1" />
        <test-case id="1021" name="TestCountPointsByPlayer" fullname="Schafkopf_Test.SchafkopfGameTest.TestCountPointsByPlayer" methodname="TestCountPointsByPlayer" classname="Schafkopf_Test.SchafkopfGameTest" runstate="Runnable" seed="490362419" result="Passed" start-time="2020-04-20 13:26:37Z" end-time="2020-04-20 13:26:37Z" duration="0.003604" asserts="4" />
        <test-case id="1017" name="TestGetCardByValue" fullname="Schafkopf_Test.SchafkopfGameTest.TestGetCardByValue" methodname="TestGetCardByValue" classname="Schafkopf_Test.SchafkopfGameTest" runstate="Runnable" seed="1485802000" result="Passed" start-time="2020-04-20 13:26:37Z" end-time="2020-04-20 13:26:37Z" duration="0.005677" asserts="2" />
        <test-case id="1019" name="TestGetPlayerIndex" fullname="Schafkopf_Test.SchafkopfGameTest.TestGetPlayerIndex" methodname="TestGetPlayerIndex" classname="Schafkopf_Test.SchafkopfGameTest" runstate="Runnable" seed="1264070142" result="Passed" start-time="2020-04-20 13:26:37Z" end-time="2020-04-20 13:26:37Z" duration="0.000466" asserts="1" />
        <test-case id="1015" name="TestNumberOfCards" fullname="Schafkopf_Test.SchafkopfGameTest.TestNumberOfCards" methodname="TestNumberOfCards" classname="Schafkopf_Test.SchafkopfGameTest" runstate="Runnable" seed="624501602" result="Passed" start-time="2020-04-20 13:26:37Z" end-time="2020-04-20 13:26:37Z" duration="0.000360" asserts="4" />
        <test-case id="1014" name="TestNumberOfPlayers" fullname="Schafkopf_Test.SchafkopfGameTest.TestNumberOfPlayers" methodname="TestNumberOfPlayers" classname="Schafkopf_Test.SchafkopfGameTest" runstate="Runnable" seed="1231835059" result="Passed" start-time="2020-04-20 13:26:37Z" end-time="2020-04-20 13:26:37Z" duration="0.000255" asserts="1" />
        <test-case id="1018" name="TestRedistributeStich" fullname="Schafkopf_Test.SchafkopfGameTest.TestRedistributeStich" methodname="TestRedistributeStich" classname="Schafkopf_Test.SchafkopfGameTest" runstate="Runnable" seed="1464039497" result="Passed" start-time="2020-04-20 13:26:37Z" end-time="2020-04-20 13:26:37Z" duration="0.001308" asserts="10" />
      </test-suite>
    </test-suite>
  </test-suite>
</test-run>