<?xml version="1.0" encoding="utf-8"?>
<test-run id="2" name="Schafkopf-Test.exe" fullname="C:/Users/johan/Documents/GitHub/schafkopf/Schafkopf/Schafkopf-Test/bin/Debug/Schafkopf-Test.exe" testcasecount="18" result="Passed" start-time="2020-04-05 09:21:25Z" end-time="2020-04-05 09:21:25Z" duration="0.159196" total="18" passed="18" failed="0" inconclusive="0" skipped="0" asserts="72" random-seed="1727639311">
  <command-line><![CDATA["C:\Users\johan\Documents\GitHub\schafkopf\Schafkopf\Schafkopf-Test\bin\Debug\Schafkopf-Test.exe"   ]]></command-line>
  <filter />
  <test-suite type="Assembly" id="1020" name="Schafkopf-Test.exe" fullname="C:/Users/johan/Documents/GitHub/schafkopf/Schafkopf/Schafkopf-Test/bin/Debug/Schafkopf-Test.exe" runstate="Runnable" testcasecount="18" result="Passed" start-time="2020-04-05 09:21:25Z" end-time="2020-04-05 09:21:25Z" duration="0.159196" total="18" passed="18" failed="0" warnings="0" inconclusive="0" skipped="0" asserts="72">
    <environment framework-version="3.12.0.0" clr-version="4.0.30319.42000" os-version="Microsoft Windows NT 10.0.17763" platform="Win32NT" cwd="C:\Users\johan\Documents\GitHub\schafkopf\Schafkopf\Schafkopf-Test\bin\Debug" machine-name="DESKTOP-86HSREF" user="johan" user-domain="DESKTOP-86HSREF" culture="de-DE" uiculture="de-DE" os-architecture="x86" />
    <settings>
      <setting name="WorkDirectory" value="C:\Users\johan\Documents\GitHub\schafkopf\Schafkopf\Schafkopf-Test\bin\Debug" />
      <setting name="NumberOfTestWorkers" value="8" />
    </settings>
    <properties>
      <property name="_PID" value="4880" />
      <property name="_APPDOMAIN" value="Schafkopf-Test.exe" />
    </properties>
    <test-suite type="TestSuite" id="1021" name="Schafkopf_Test" fullname="Schafkopf_Test" runstate="Runnable" testcasecount="18" result="Passed" start-time="2020-04-05 09:21:25Z" end-time="2020-04-05 09:21:25Z" duration="0.148443" total="18" passed="18" failed="0" warnings="0" inconclusive="0" skipped="0" asserts="72">
      <test-suite type="TestFixture" id="1000" name="SauspielTest" fullname="Schafkopf_Test.SauspielTest" classname="Schafkopf_Test.SauspielTest" runstate="Runnable" testcasecount="10" result="Passed" start-time="2020-04-05 09:21:25Z" end-time="2020-04-05 09:21:25Z" duration="0.116862" total="10" passed="10" failed="0" warnings="0" inconclusive="0" skipped="0" asserts="17">
        <test-case id="1004" name="TestConstruction" fullname="Schafkopf_Test.SauspielTest.TestConstruction" methodname="TestConstruction" classname="Schafkopf_Test.SauspielTest" runstate="Runnable" seed="1617529278" result="Passed" start-time="2020-04-05 09:21:25Z" end-time="2020-04-05 09:21:25Z" duration="0.090697" asserts="3" />
        <test-case id="1007" name="TestEichelOber" fullname="Schafkopf_Test.SauspielTest.TestEichelOber" methodname="TestEichelOber" classname="Schafkopf_Test.SauspielTest" runstate="Runnable" seed="699320862" result="Passed" start-time="2020-04-05 09:21:25Z" end-time="2020-04-05 09:21:25Z" duration="0.004037" asserts="2" />
        <test-case id="1010" name="TestErsteFarbeGespielt" fullname="Schafkopf_Test.SauspielTest.TestErsteFarbeGespielt" methodname="TestErsteFarbeGespielt" classname="Schafkopf_Test.SauspielTest" runstate="Runnable" seed="1392117522" result="Passed" start-time="2020-04-05 09:21:25Z" end-time="2020-04-05 09:21:25Z" duration="0.001120" asserts="2" />
        <test-case id="1008" name="TestHerz" fullname="Schafkopf_Test.SauspielTest.TestHerz" methodname="TestHerz" classname="Schafkopf_Test.SauspielTest" runstate="Runnable" seed="2010567575" result="Passed" start-time="2020-04-05 09:21:25Z" end-time="2020-04-05 09:21:25Z" duration="0.000802" asserts="2" />
        <test-case id="1005" name="TestHighestColor" fullname="Schafkopf_Test.SauspielTest.TestHighestColor" methodname="TestHighestColor" classname="Schafkopf_Test.SauspielTest" runstate="Runnable" seed="1375152399" result="Passed" start-time="2020-04-05 09:21:25Z" end-time="2020-04-05 09:21:25Z" duration="0.002251" asserts="1" />
        <test-case id="1006" name="TestHighestPoints" fullname="Schafkopf_Test.SauspielTest.TestHighestPoints" methodname="TestHighestPoints" classname="Schafkopf_Test.SauspielTest" runstate="Runnable" seed="835011392" result="Passed" start-time="2020-04-05 09:21:25Z" end-time="2020-04-05 09:21:25Z" duration="0.000529" asserts="2" />
        <test-case id="1001" name="TestIfAss" fullname="Schafkopf_Test.SauspielTest.TestIfAss" methodname="TestIfAss" classname="Schafkopf_Test.SauspielTest" runstate="Runnable" seed="404022541" result="Passed" start-time="2020-04-05 09:21:25Z" end-time="2020-04-05 09:21:25Z" duration="0.008933" asserts="1" />
        <test-case id="1002" name="TestIfPlayerDoesNotHaveColor" fullname="Schafkopf_Test.SauspielTest.TestIfPlayerDoesNotHaveColor" methodname="TestIfPlayerDoesNotHaveColor" classname="Schafkopf_Test.SauspielTest" runstate="Runnable" seed="118114998" result="Passed" start-time="2020-04-05 09:21:25Z" end-time="2020-04-05 09:21:25Z" duration="0.000475" asserts="1" />
        <test-case id="1003" name="TestIfPlayerHasAssHimself" fullname="Schafkopf_Test.SauspielTest.TestIfPlayerHasAssHimself" methodname="TestIfPlayerHasAssHimself" classname="Schafkopf_Test.SauspielTest" runstate="Runnable" seed="493074709" result="Passed" start-time="2020-04-05 09:21:25Z" end-time="2020-04-05 09:21:25Z" duration="0.000405" asserts="1" />
        <test-case id="1009" name="TestOberFarbe" fullname="Schafkopf_Test.SauspielTest.TestOberFarbe" methodname="TestOberFarbe" classname="Schafkopf_Test.SauspielTest" runstate="Runnable" seed="1451323161" result="Passed" start-time="2020-04-05 09:21:25Z" end-time="2020-04-05 09:21:25Z" duration="0.000859" asserts="2" />
      </test-suite>
      <test-suite type="TestFixture" id="1011" name="SchafkopfGameTest" fullname="Schafkopf_Test.SchafkopfGameTest" classname="Schafkopf_Test.SchafkopfGameTest" runstate="Runnable" testcasecount="8" result="Passed" start-time="2020-04-05 09:21:25Z" end-time="2020-04-05 09:21:25Z" duration="0.027795" total="8" passed="8" failed="0" warnings="0" inconclusive="0" skipped="0" asserts="55">
        <test-case id="1014" name="CheckIfCardDuplicated" fullname="Schafkopf_Test.SchafkopfGameTest.CheckIfCardDuplicated" methodname="CheckIfCardDuplicated" classname="Schafkopf_Test.SchafkopfGameTest" runstate="Runnable" seed="1263215996" result="Passed" start-time="2020-04-05 09:21:25Z" end-time="2020-04-05 09:21:25Z" duration="0.012327" asserts="32" />
        <test-case id="1018" name="TestCountPoints" fullname="Schafkopf_Test.SchafkopfGameTest.TestCountPoints" methodname="TestCountPoints" classname="Schafkopf_Test.SchafkopfGameTest" runstate="Runnable" seed="1318566424" result="Passed" start-time="2020-04-05 09:21:25Z" end-time="2020-04-05 09:21:25Z" duration="0.004196" asserts="1" />
        <test-case id="1019" name="TestCountPointsByPlayer" fullname="Schafkopf_Test.SchafkopfGameTest.TestCountPointsByPlayer" methodname="TestCountPointsByPlayer" classname="Schafkopf_Test.SchafkopfGameTest" runstate="Runnable" seed="1523083359" result="Passed" start-time="2020-04-05 09:21:25Z" end-time="2020-04-05 09:21:25Z" duration="0.003383" asserts="4" />
        <test-case id="1015" name="TestGetCardByValue" fullname="Schafkopf_Test.SchafkopfGameTest.TestGetCardByValue" methodname="TestGetCardByValue" classname="Schafkopf_Test.SchafkopfGameTest" runstate="Runnable" seed="430887472" result="Passed" start-time="2020-04-05 09:21:25Z" end-time="2020-04-05 09:21:25Z" duration="0.005436" asserts="2" />
        <test-case id="1017" name="TestGetPlayerIndex" fullname="Schafkopf_Test.SchafkopfGameTest.TestGetPlayerIndex" methodname="TestGetPlayerIndex" classname="Schafkopf_Test.SchafkopfGameTest" runstate="Runnable" seed="1643095952" result="Passed" start-time="2020-04-05 09:21:25Z" end-time="2020-04-05 09:21:25Z" duration="0.000437" asserts="1" />
        <test-case id="1013" name="TestNumberOfCards" fullname="Schafkopf_Test.SchafkopfGameTest.TestNumberOfCards" methodname="TestNumberOfCards" classname="Schafkopf_Test.SchafkopfGameTest" runstate="Runnable" seed="1388095509" result="Passed" start-time="2020-04-05 09:21:25Z" end-time="2020-04-05 09:21:25Z" duration="0.000331" asserts="4" />
        <test-case id="1012" name="TestNumberOfPlayers" fullname="Schafkopf_Test.SchafkopfGameTest.TestNumberOfPlayers" methodname="TestNumberOfPlayers" classname="Schafkopf_Test.SchafkopfGameTest" runstate="Runnable" seed="678357937" result="Passed" start-time="2020-04-05 09:21:25Z" end-time="2020-04-05 09:21:25Z" duration="0.000221" asserts="1" />
        <test-case id="1016" name="TestRedistributeStich" fullname="Schafkopf_Test.SchafkopfGameTest.TestRedistributeStich" methodname="TestRedistributeStich" classname="Schafkopf_Test.SchafkopfGameTest" runstate="Runnable" seed="860756444" result="Passed" start-time="2020-04-05 09:21:25Z" end-time="2020-04-05 09:21:25Z" duration="0.001190" asserts="10" />
      </test-suite>
    </test-suite>
  </test-suite>
</test-run>