<?xml version="1.0" encoding="utf-8"?>
<test-run id="2" name="Schafkopf-Test.exe" fullname="C:/Users/johan/Documents/GitHub/schafkopf/Schafkopf/Schafkopf-Test/bin/Debug/Schafkopf-Test.exe" testcasecount="20" result="Passed" start-time="2020-04-20 13:22:44Z" end-time="2020-04-20 13:22:45Z" duration="0.144172" total="20" passed="20" failed="0" inconclusive="0" skipped="0" asserts="74" random-seed="545193935">
  <command-line><![CDATA["C:\Users\johan\Documents\GitHub\schafkopf\Schafkopf\Schafkopf-Test\bin\Debug\Schafkopf-Test.exe"   ]]></command-line>
  <filter />
  <test-suite type="Assembly" id="1022" name="Schafkopf-Test.exe" fullname="C:/Users/johan/Documents/GitHub/schafkopf/Schafkopf/Schafkopf-Test/bin/Debug/Schafkopf-Test.exe" runstate="Runnable" testcasecount="20" result="Passed" start-time="2020-04-20 13:22:44Z" end-time="2020-04-20 13:22:45Z" duration="0.144172" total="20" passed="20" failed="0" warnings="0" inconclusive="0" skipped="0" asserts="74">
    <environment framework-version="3.12.0.0" clr-version="4.0.30319.42000" os-version="Microsoft Windows NT 10.0.17763" platform="Win32NT" cwd="C:\Users\johan\Documents\GitHub\schafkopf\Schafkopf\Schafkopf-Test\bin\Debug" machine-name="DESKTOP-86HSREF" user="johan" user-domain="DESKTOP-86HSREF" culture="de-DE" uiculture="de-DE" os-architecture="x86" />
    <settings>
      <setting name="WorkDirectory" value="C:\Users\johan\Documents\GitHub\schafkopf\Schafkopf\Schafkopf-Test\bin\Debug" />
      <setting name="NumberOfTestWorkers" value="8" />
    </settings>
    <properties>
      <property name="_PID" value="17480" />
      <property name="_APPDOMAIN" value="Schafkopf-Test.exe" />
    </properties>
    <test-suite type="TestSuite" id="1023" name="Schafkopf_Test" fullname="Schafkopf_Test" runstate="Runnable" testcasecount="20" result="Passed" start-time="2020-04-20 13:22:44Z" end-time="2020-04-20 13:22:45Z" duration="0.133376" total="20" passed="20" failed="0" warnings="0" inconclusive="0" skipped="0" asserts="74">
      <test-suite type="TestFixture" id="1000" name="SauspielTest" fullname="Schafkopf_Test.SauspielTest" classname="Schafkopf_Test.SauspielTest" runstate="Runnable" testcasecount="12" result="Passed" start-time="2020-04-20 13:22:44Z" end-time="2020-04-20 13:22:44Z" duration="0.092337" total="12" passed="12" failed="0" warnings="0" inconclusive="0" skipped="0" asserts="19">
        <test-case id="1004" name="TestConstruction" fullname="Schafkopf_Test.SauspielTest.TestConstruction" methodname="TestConstruction" classname="Schafkopf_Test.SauspielTest" runstate="Runnable" seed="280504202" result="Passed" start-time="2020-04-20 13:22:44Z" end-time="2020-04-20 13:22:44Z" duration="0.047686" asserts="3" />
        <test-case id="1007" name="TestEichelOber" fullname="Schafkopf_Test.SauspielTest.TestEichelOber" methodname="TestEichelOber" classname="Schafkopf_Test.SauspielTest" runstate="Runnable" seed="1453415527" result="Passed" start-time="2020-04-20 13:22:44Z" end-time="2020-04-20 13:22:44Z" duration="0.005776" asserts="2" />
        <test-case id="1010" name="TestErsteFarbeGespielt" fullname="Schafkopf_Test.SauspielTest.TestErsteFarbeGespielt" methodname="TestErsteFarbeGespielt" classname="Schafkopf_Test.SauspielTest" runstate="Runnable" seed="340715140" result="Passed" start-time="2020-04-20 13:22:44Z" end-time="2020-04-20 13:22:44Z" duration="0.001774" asserts="2" />
        <test-case id="1008" name="TestHerz" fullname="Schafkopf_Test.SauspielTest.TestHerz" methodname="TestHerz" classname="Schafkopf_Test.SauspielTest" runstate="Runnable" seed="1765641596" result="Passed" start-time="2020-04-20 13:22:44Z" end-time="2020-04-20 13:22:44Z" duration="0.001523" asserts="2" />
        <test-case id="1005" name="TestHighestColor" fullname="Schafkopf_Test.SauspielTest.TestHighestColor" methodname="TestHighestColor" classname="Schafkopf_Test.SauspielTest" runstate="Runnable" seed="435623850" result="Passed" start-time="2020-04-20 13:22:44Z" end-time="2020-04-20 13:22:44Z" duration="0.004615" asserts="1" />
        <test-case id="1006" name="TestHighestPoints" fullname="Schafkopf_Test.SauspielTest.TestHighestPoints" methodname="TestHighestPoints" classname="Schafkopf_Test.SauspielTest" runstate="Runnable" seed="1561735637" result="Passed" start-time="2020-04-20 13:22:44Z" end-time="2020-04-20 13:22:44Z" duration="0.001171" asserts="2" />
        <test-case id="1001" name="TestIfAss" fullname="Schafkopf_Test.SauspielTest.TestIfAss" methodname="TestIfAss" classname="Schafkopf_Test.SauspielTest" runstate="Runnable" seed="1401111210" result="Passed" start-time="2020-04-20 13:22:44Z" end-time="2020-04-20 13:22:44Z" duration="0.014347" asserts="1" />
        <test-case id="1002" name="TestIfPlayerDoesNotHaveColor" fullname="Schafkopf_Test.SauspielTest.TestIfPlayerDoesNotHaveColor" methodname="TestIfPlayerDoesNotHaveColor" classname="Schafkopf_Test.SauspielTest" runstate="Runnable" seed="1900672542" result="Passed" start-time="2020-04-20 13:22:44Z" end-time="2020-04-20 13:22:44Z" duration="0.000656" asserts="1" />
        <test-case id="1003" name="TestIfPlayerHasAssHimself" fullname="Schafkopf_Test.SauspielTest.TestIfPlayerHasAssHimself" methodname="TestIfPlayerHasAssHimself" classname="Schafkopf_Test.SauspielTest" runstate="Runnable" seed="1398516312" result="Passed" start-time="2020-04-20 13:22:44Z" end-time="2020-04-20 13:22:44Z" duration="0.000540" asserts="1" />
        <test-case id="1009" name="TestOberFarbe" fullname="Schafkopf_Test.SauspielTest.TestOberFarbe" methodname="TestOberFarbe" classname="Schafkopf_Test.SauspielTest" runstate="Runnable" seed="542761106" result="Passed" start-time="2020-04-20 13:22:44Z" end-time="2020-04-20 13:22:44Z" duration="0.001206" asserts="2" />
        <test-case id="1011" name="TestPassColorCorrect" fullname="Schafkopf_Test.SauspielTest.TestPassColorCorrect" methodname="TestPassColorCorrect" classname="Schafkopf_Test.SauspielTest" runstate="Runnable" seed="194223895" result="Passed" start-time="2020-04-20 13:22:44Z" end-time="2020-04-20 13:22:44Z" duration="0.002411" asserts="1" />
        <test-case id="1012" name="TestPassColorFalse" fullname="Schafkopf_Test.SauspielTest.TestPassColorFalse" methodname="TestPassColorFalse" classname="Schafkopf_Test.SauspielTest" runstate="Runnable" seed="1146871535" result="Passed" start-time="2020-04-20 13:22:44Z" end-time="2020-04-20 13:22:44Z" duration="0.000776" asserts="1" />
      </test-suite>
      <test-suite type="TestFixture" id="1013" name="SchafkopfGameTest" fullname="Schafkopf_Test.SchafkopfGameTest" classname="Schafkopf_Test.SchafkopfGameTest" runstate="Runnable" testcasecount="8" result="Passed" start-time="2020-04-20 13:22:44Z" end-time="2020-04-20 13:22:45Z" duration="0.034821" total="8" passed="8" failed="0" warnings="0" inconclusive="0" skipped="0" asserts="55">
        <test-case id="1016" name="CheckIfCardDuplicated" fullname="Schafkopf_Test.SchafkopfGameTest.CheckIfCardDuplicated" methodname="CheckIfCardDuplicated" classname="Schafkopf_Test.SchafkopfGameTest" runstate="Runnable" seed="1087390530" result="Passed" start-time="2020-04-20 13:22:44Z" end-time="2020-04-20 13:22:45Z" duration="0.018036" asserts="32" />
        <test-case id="1020" name="TestCountPoints" fullname="Schafkopf_Test.SchafkopfGameTest.TestCountPoints" methodname="TestCountPoints" classname="Schafkopf_Test.SchafkopfGameTest" runstate="Runnable" seed="1016262355" result="Passed" start-time="2020-04-20 13:22:45Z" end-time="2020-04-20 13:22:45Z" duration="0.004660" asserts="1" />
        <test-case id="1021" name="TestCountPointsByPlayer" fullname="Schafkopf_Test.SchafkopfGameTest.TestCountPointsByPlayer" methodname="TestCountPointsByPlayer" classname="Schafkopf_Test.SchafkopfGameTest" runstate="Runnable" seed="1577285082" result="Passed" start-time="2020-04-20 13:22:45Z" end-time="2020-04-20 13:22:45Z" duration="0.003787" asserts="4" />
        <test-case id="1017" name="TestGetCardByValue" fullname="Schafkopf_Test.SchafkopfGameTest.TestGetCardByValue" methodname="TestGetCardByValue" classname="Schafkopf_Test.SchafkopfGameTest" runstate="Runnable" seed="1657276255" result="Passed" start-time="2020-04-20 13:22:45Z" end-time="2020-04-20 13:22:45Z" duration="0.005594" asserts="2" />
        <test-case id="1019" name="TestGetPlayerIndex" fullname="Schafkopf_Test.SchafkopfGameTest.TestGetPlayerIndex" methodname="TestGetPlayerIndex" classname="Schafkopf_Test.SchafkopfGameTest" runstate="Runnable" seed="850307641" result="Passed" start-time="2020-04-20 13:22:45Z" end-time="2020-04-20 13:22:45Z" duration="0.000476" asserts="1" />
        <test-case id="1015" name="TestNumberOfCards" fullname="Schafkopf_Test.SchafkopfGameTest.TestNumberOfCards" methodname="TestNumberOfCards" classname="Schafkopf_Test.SchafkopfGameTest" runstate="Runnable" seed="1852305079" result="Passed" start-time="2020-04-20 13:22:45Z" end-time="2020-04-20 13:22:45Z" duration="0.000342" asserts="4" />
        <test-case id="1014" name="TestNumberOfPlayers" fullname="Schafkopf_Test.SchafkopfGameTest.TestNumberOfPlayers" methodname="TestNumberOfPlayers" classname="Schafkopf_Test.SchafkopfGameTest" runstate="Runnable" seed="7648852" result="Passed" start-time="2020-04-20 13:22:45Z" end-time="2020-04-20 13:22:45Z" duration="0.000252" asserts="1" />
        <test-case id="1018" name="TestRedistributeStich" fullname="Schafkopf_Test.SchafkopfGameTest.TestRedistributeStich" methodname="TestRedistributeStich" classname="Schafkopf_Test.SchafkopfGameTest" runstate="Runnable" seed="1696860856" result="Passed" start-time="2020-04-20 13:22:45Z" end-time="2020-04-20 13:22:45Z" duration="0.001328" asserts="10" />
      </test-suite>
    </test-suite>
  </test-suite>
</test-run>