<?xml version="1.0" encoding="utf-8"?>
<test-run id="2" name="Schafkopf-Test.exe" fullname="C:/Users/johan/Documents/GitHub/schafkopf/Schafkopf/Schafkopf-Test/bin/Debug/Schafkopf-Test.exe" testcasecount="13" result="Passed" start-time="2020-03-21 19:39:50Z" end-time="2020-03-21 19:39:50Z" duration="0.225160" total="13" passed="13" failed="0" inconclusive="0" skipped="0" asserts="54" random-seed="46826401">
  <command-line><![CDATA["C:\Users\johan\Documents\GitHub\schafkopf\Schafkopf\Schafkopf-Test\bin\Debug\Schafkopf-Test.exe"   ]]></command-line>
  <filter />
  <test-suite type="Assembly" id="1015" name="Schafkopf-Test.exe" fullname="C:/Users/johan/Documents/GitHub/schafkopf/Schafkopf/Schafkopf-Test/bin/Debug/Schafkopf-Test.exe" runstate="Runnable" testcasecount="13" result="Passed" start-time="2020-03-21 19:39:50Z" end-time="2020-03-21 19:39:50Z" duration="0.225160" total="13" passed="13" failed="0" warnings="0" inconclusive="0" skipped="0" asserts="54">
    <environment framework-version="3.12.0.0" clr-version="4.0.30319.42000" os-version="Microsoft Windows NT 10.0.17763" platform="Win32NT" cwd="C:\Users\johan\Documents\GitHub\schafkopf\Schafkopf\Schafkopf-Test\bin\Debug" machine-name="DESKTOP-86HSREF" user="johan" user-domain="DESKTOP-86HSREF" culture="de-DE" uiculture="de-DE" os-architecture="x86" />
    <settings>
      <setting name="WorkDirectory" value="C:\Users\johan\Documents\GitHub\schafkopf\Schafkopf\Schafkopf-Test\bin\Debug" />
      <setting name="NumberOfTestWorkers" value="8" />
    </settings>
    <properties>
      <property name="_PID" value="13996" />
      <property name="_APPDOMAIN" value="Schafkopf-Test.exe" />
    </properties>
    <test-suite type="TestSuite" id="1016" name="Schafkopf_Test" fullname="Schafkopf_Test" runstate="Runnable" testcasecount="13" result="Passed" start-time="2020-03-21 19:39:50Z" end-time="2020-03-21 19:39:50Z" duration="0.208754" total="13" passed="13" failed="0" warnings="0" inconclusive="0" skipped="0" asserts="54">
      <test-suite type="TestFixture" id="1000" name="SauspielTest" fullname="Schafkopf_Test.SauspielTest" classname="Schafkopf_Test.SauspielTest" runstate="Runnable" testcasecount="10" result="Passed" start-time="2020-03-21 19:39:50Z" end-time="2020-03-21 19:39:50Z" duration="0.182510" total="10" passed="10" failed="0" warnings="0" inconclusive="0" skipped="0" asserts="17">
        <test-case id="1004" name="TestConstruction" fullname="Schafkopf_Test.SauspielTest.TestConstruction" methodname="TestConstruction" classname="Schafkopf_Test.SauspielTest" runstate="Runnable" seed="1246208681" result="Passed" start-time="2020-03-21 19:39:50Z" end-time="2020-03-21 19:39:50Z" duration="0.132197" asserts="3" />
        <test-case id="1007" name="TestEichelOber" fullname="Schafkopf_Test.SauspielTest.TestEichelOber" methodname="TestEichelOber" classname="Schafkopf_Test.SauspielTest" runstate="Runnable" seed="1499477365" result="Passed" start-time="2020-03-21 19:39:50Z" end-time="2020-03-21 19:39:50Z" duration="0.008605" asserts="2" />
        <test-case id="1010" name="TestErsteFarbeGespielt" fullname="Schafkopf_Test.SauspielTest.TestErsteFarbeGespielt" methodname="TestErsteFarbeGespielt" classname="Schafkopf_Test.SauspielTest" runstate="Runnable" seed="2140722725" result="Passed" start-time="2020-03-21 19:39:50Z" end-time="2020-03-21 19:39:50Z" duration="0.002644" asserts="2" />
        <test-case id="1008" name="TestHerz" fullname="Schafkopf_Test.SauspielTest.TestHerz" methodname="TestHerz" classname="Schafkopf_Test.SauspielTest" runstate="Runnable" seed="1966152062" result="Passed" start-time="2020-03-21 19:39:50Z" end-time="2020-03-21 19:39:50Z" duration="0.001617" asserts="2" />
        <test-case id="1005" name="TestHighestColor" fullname="Schafkopf_Test.SauspielTest.TestHighestColor" methodname="TestHighestColor" classname="Schafkopf_Test.SauspielTest" runstate="Runnable" seed="1229617402" result="Passed" start-time="2020-03-21 19:39:50Z" end-time="2020-03-21 19:39:50Z" duration="0.004082" asserts="1" />
        <test-case id="1006" name="TestHighestPoints" fullname="Schafkopf_Test.SauspielTest.TestHighestPoints" methodname="TestHighestPoints" classname="Schafkopf_Test.SauspielTest" runstate="Runnable" seed="1903123309" result="Passed" start-time="2020-03-21 19:39:50Z" end-time="2020-03-21 19:39:50Z" duration="0.001001" asserts="2" />
        <test-case id="1001" name="TestIfAss" fullname="Schafkopf_Test.SauspielTest.TestIfAss" methodname="TestIfAss" classname="Schafkopf_Test.SauspielTest" runstate="Runnable" seed="1727269101" result="Passed" start-time="2020-03-21 19:39:50Z" end-time="2020-03-21 19:39:50Z" duration="0.015412" asserts="1" />
        <test-case id="1002" name="TestIfPlayerDoesNotHaveColor" fullname="Schafkopf_Test.SauspielTest.TestIfPlayerDoesNotHaveColor" methodname="TestIfPlayerDoesNotHaveColor" classname="Schafkopf_Test.SauspielTest" runstate="Runnable" seed="1717953924" result="Passed" start-time="2020-03-21 19:39:50Z" end-time="2020-03-21 19:39:50Z" duration="0.000840" asserts="1" />
        <test-case id="1003" name="TestIfPlayerHasAssHimself" fullname="Schafkopf_Test.SauspielTest.TestIfPlayerHasAssHimself" methodname="TestIfPlayerHasAssHimself" classname="Schafkopf_Test.SauspielTest" runstate="Runnable" seed="1314636310" result="Passed" start-time="2020-03-21 19:39:50Z" end-time="2020-03-21 19:39:50Z" duration="0.000687" asserts="1" />
        <test-case id="1009" name="TestOberFarbe" fullname="Schafkopf_Test.SauspielTest.TestOberFarbe" methodname="TestOberFarbe" classname="Schafkopf_Test.SauspielTest" runstate="Runnable" seed="994364659" result="Passed" start-time="2020-03-21 19:39:50Z" end-time="2020-03-21 19:39:50Z" duration="0.001569" asserts="2" />
      </test-suite>
      <test-suite type="TestFixture" id="1011" name="SchafkopfGameTest" fullname="Schafkopf_Test.SchafkopfGameTest" classname="Schafkopf_Test.SchafkopfGameTest" runstate="Runnable" testcasecount="3" result="Passed" start-time="2020-03-21 19:39:50Z" end-time="2020-03-21 19:39:50Z" duration="0.019057" total="3" passed="3" failed="0" warnings="0" inconclusive="0" skipped="0" asserts="37">
        <test-case id="1014" name="CheckIfCardDuplicated" fullname="Schafkopf_Test.SchafkopfGameTest.CheckIfCardDuplicated" methodname="CheckIfCardDuplicated" classname="Schafkopf_Test.SchafkopfGameTest" runstate="Runnable" seed="55149240" result="Passed" start-time="2020-03-21 19:39:50Z" end-time="2020-03-21 19:39:50Z" duration="0.015547" asserts="32" />
        <test-case id="1013" name="TestNumberOfCards" fullname="Schafkopf_Test.SchafkopfGameTest.TestNumberOfCards" methodname="TestNumberOfCards" classname="Schafkopf_Test.SchafkopfGameTest" runstate="Runnable" seed="26013076" result="Passed" start-time="2020-03-21 19:39:50Z" end-time="2020-03-21 19:39:50Z" duration="0.002857" asserts="4" />
        <test-case id="1012" name="TestNumberOfPlayers" fullname="Schafkopf_Test.SchafkopfGameTest.TestNumberOfPlayers" methodname="TestNumberOfPlayers" classname="Schafkopf_Test.SchafkopfGameTest" runstate="Runnable" seed="1187343367" result="Passed" start-time="2020-03-21 19:39:50Z" end-time="2020-03-21 19:39:50Z" duration="0.000387" asserts="1" />
      </test-suite>
    </test-suite>
  </test-suite>
</test-run>