<?xml version="1.0" encoding="utf-8"?>
<test-run id="2" name="Schafkopf-Test.exe" fullname="C:/Users/johan/Documents/GitHub/schafkopf/Schafkopf/Schafkopf-Test/bin/Debug/Schafkopf-Test.exe" testcasecount="21" result="Passed" start-time="2020-04-20 14:58:47Z" end-time="2020-04-20 14:58:47Z" duration="0.144723" total="21" passed="21" failed="0" inconclusive="0" skipped="0" asserts="77" random-seed="497288813">
  <command-line><![CDATA["C:\Users\johan\Documents\GitHub\schafkopf\Schafkopf\Schafkopf-Test\bin\Debug\Schafkopf-Test.exe"   ]]></command-line>
  <filter />
  <test-suite type="Assembly" id="1023" name="Schafkopf-Test.exe" fullname="C:/Users/johan/Documents/GitHub/schafkopf/Schafkopf/Schafkopf-Test/bin/Debug/Schafkopf-Test.exe" runstate="Runnable" testcasecount="21" result="Passed" start-time="2020-04-20 14:58:47Z" end-time="2020-04-20 14:58:47Z" duration="0.144723" total="21" passed="21" failed="0" warnings="0" inconclusive="0" skipped="0" asserts="77">
    <environment framework-version="3.12.0.0" clr-version="4.0.30319.42000" os-version="Microsoft Windows NT 10.0.17763" platform="Win32NT" cwd="C:\Users\johan\Documents\GitHub\schafkopf\Schafkopf\Schafkopf-Test\bin\Debug" machine-name="DESKTOP-86HSREF" user="johan" user-domain="DESKTOP-86HSREF" culture="de-DE" uiculture="de-DE" os-architecture="x86" />
    <settings>
      <setting name="WorkDirectory" value="C:\Users\johan\Documents\GitHub\schafkopf\Schafkopf\Schafkopf-Test\bin\Debug" />
      <setting name="NumberOfTestWorkers" value="8" />
    </settings>
    <properties>
      <property name="_PID" value="14504" />
      <property name="_APPDOMAIN" value="Schafkopf-Test.exe" />
    </properties>
    <test-suite type="TestSuite" id="1024" name="Schafkopf_Test" fullname="Schafkopf_Test" runstate="Runnable" testcasecount="21" result="Passed" start-time="2020-04-20 14:58:47Z" end-time="2020-04-20 14:58:47Z" duration="0.127877" total="21" passed="21" failed="0" warnings="0" inconclusive="0" skipped="0" asserts="77">
      <test-suite type="TestFixture" id="1000" name="SauspielTest" fullname="Schafkopf_Test.SauspielTest" classname="Schafkopf_Test.SauspielTest" runstate="Runnable" testcasecount="13" result="Passed" start-time="2020-04-20 14:58:47Z" end-time="2020-04-20 14:58:47Z" duration="0.083677" total="13" passed="13" failed="0" warnings="0" inconclusive="0" skipped="0" asserts="22">
        <test-case id="1004" name="TestConstruction" fullname="Schafkopf_Test.SauspielTest.TestConstruction" methodname="TestConstruction" classname="Schafkopf_Test.SauspielTest" runstate="Runnable" seed="1566612704" result="Passed" start-time="2020-04-20 14:58:47Z" end-time="2020-04-20 14:58:47Z" duration="0.041000" asserts="3" />
        <test-case id="1007" name="TestEichelOber" fullname="Schafkopf_Test.SauspielTest.TestEichelOber" methodname="TestEichelOber" classname="Schafkopf_Test.SauspielTest" runstate="Runnable" seed="837340110" result="Passed" start-time="2020-04-20 14:58:47Z" end-time="2020-04-20 14:58:47Z" duration="0.006527" asserts="2" />
        <test-case id="1010" name="TestErsteFarbeGespielt" fullname="Schafkopf_Test.SauspielTest.TestErsteFarbeGespielt" methodname="TestErsteFarbeGespielt" classname="Schafkopf_Test.SauspielTest" runstate="Runnable" seed="1066143698" result="Passed" start-time="2020-04-20 14:58:47Z" end-time="2020-04-20 14:58:47Z" duration="0.001671" asserts="2" />
        <test-case id="1008" name="TestHerz" fullname="Schafkopf_Test.SauspielTest.TestHerz" methodname="TestHerz" classname="Schafkopf_Test.SauspielTest" runstate="Runnable" seed="618194084" result="Passed" start-time="2020-04-20 14:58:47Z" end-time="2020-04-20 14:58:47Z" duration="0.001133" asserts="2" />
        <test-case id="1005" name="TestHighestColor" fullname="Schafkopf_Test.SauspielTest.TestHighestColor" methodname="TestHighestColor" classname="Schafkopf_Test.SauspielTest" runstate="Runnable" seed="14207762" result="Passed" start-time="2020-04-20 14:58:47Z" end-time="2020-04-20 14:58:47Z" duration="0.002970" asserts="1" />
        <test-case id="1006" name="TestHighestPoints" fullname="Schafkopf_Test.SauspielTest.TestHighestPoints" methodname="TestHighestPoints" classname="Schafkopf_Test.SauspielTest" runstate="Runnable" seed="1876972413" result="Passed" start-time="2020-04-20 14:58:47Z" end-time="2020-04-20 14:58:47Z" duration="0.000916" asserts="2" />
        <test-case id="1001" name="TestIfAss" fullname="Schafkopf_Test.SauspielTest.TestIfAss" methodname="TestIfAss" classname="Schafkopf_Test.SauspielTest" runstate="Runnable" seed="1448361509" result="Passed" start-time="2020-04-20 14:58:47Z" end-time="2020-04-20 14:58:47Z" duration="0.011853" asserts="1" />
        <test-case id="1002" name="TestIfPlayerDoesNotHaveColor" fullname="Schafkopf_Test.SauspielTest.TestIfPlayerDoesNotHaveColor" methodname="TestIfPlayerDoesNotHaveColor" classname="Schafkopf_Test.SauspielTest" runstate="Runnable" seed="343742104" result="Passed" start-time="2020-04-20 14:58:47Z" end-time="2020-04-20 14:58:47Z" duration="0.000665" asserts="1" />
        <test-case id="1003" name="TestIfPlayerHasAssHimself" fullname="Schafkopf_Test.SauspielTest.TestIfPlayerHasAssHimself" methodname="TestIfPlayerHasAssHimself" classname="Schafkopf_Test.SauspielTest" runstate="Runnable" seed="857849076" result="Passed" start-time="2020-04-20 14:58:47Z" end-time="2020-04-20 14:58:47Z" duration="0.000568" asserts="1" />
        <test-case id="1009" name="TestOberFarbe" fullname="Schafkopf_Test.SauspielTest.TestOberFarbe" methodname="TestOberFarbe" classname="Schafkopf_Test.SauspielTest" runstate="Runnable" seed="394771262" result="Passed" start-time="2020-04-20 14:58:47Z" end-time="2020-04-20 14:58:47Z" duration="0.001196" asserts="2" />
        <test-case id="1011" name="TestPassColorCorrect" fullname="Schafkopf_Test.SauspielTest.TestPassColorCorrect" methodname="TestPassColorCorrect" classname="Schafkopf_Test.SauspielTest" runstate="Runnable" seed="393772685" result="Passed" start-time="2020-04-20 14:58:47Z" end-time="2020-04-20 14:58:47Z" duration="0.001717" asserts="1" />
        <test-case id="1012" name="TestPassColorFalse" fullname="Schafkopf_Test.SauspielTest.TestPassColorFalse" methodname="TestPassColorFalse" classname="Schafkopf_Test.SauspielTest" runstate="Runnable" seed="2091605900" result="Passed" start-time="2020-04-20 14:58:47Z" end-time="2020-04-20 14:58:47Z" duration="0.001095" asserts="2" />
        <test-case id="1013" name="TestPassTrumpFalse" fullname="Schafkopf_Test.SauspielTest.TestPassTrumpFalse" methodname="TestPassTrumpFalse" classname="Schafkopf_Test.SauspielTest" runstate="Runnable" seed="1257028598" result="Passed" start-time="2020-04-20 14:58:47Z" end-time="2020-04-20 14:58:47Z" duration="0.001184" asserts="2" />
      </test-suite>
      <test-suite type="TestFixture" id="1014" name="SchafkopfGameTest" fullname="Schafkopf_Test.SchafkopfGameTest" classname="Schafkopf_Test.SchafkopfGameTest" runstate="Runnable" testcasecount="8" result="Passed" start-time="2020-04-20 14:58:47Z" end-time="2020-04-20 14:58:47Z" duration="0.037359" total="8" passed="8" failed="0" warnings="0" inconclusive="0" skipped="0" asserts="55">
        <test-case id="1017" name="CheckIfCardDuplicated" fullname="Schafkopf_Test.SchafkopfGameTest.CheckIfCardDuplicated" methodname="CheckIfCardDuplicated" classname="Schafkopf_Test.SchafkopfGameTest" runstate="Runnable" seed="1598138040" result="Passed" start-time="2020-04-20 14:58:47Z" end-time="2020-04-20 14:58:47Z" duration="0.018574" asserts="32" />
        <test-case id="1021" name="TestCountPoints" fullname="Schafkopf_Test.SchafkopfGameTest.TestCountPoints" methodname="TestCountPoints" classname="Schafkopf_Test.SchafkopfGameTest" runstate="Runnable" seed="1024830765" result="Passed" start-time="2020-04-20 14:58:47Z" end-time="2020-04-20 14:58:47Z" duration="0.005424" asserts="1" />
        <test-case id="1022" name="TestCountPointsByPlayer" fullname="Schafkopf_Test.SchafkopfGameTest.TestCountPointsByPlayer" methodname="TestCountPointsByPlayer" classname="Schafkopf_Test.SchafkopfGameTest" runstate="Runnable" seed="84216637" result="Passed" start-time="2020-04-20 14:58:47Z" end-time="2020-04-20 14:58:47Z" duration="0.003473" asserts="4" />
        <test-case id="1018" name="TestGetCardByValue" fullname="Schafkopf_Test.SchafkopfGameTest.TestGetCardByValue" methodname="TestGetCardByValue" classname="Schafkopf_Test.SchafkopfGameTest" runstate="Runnable" seed="1544220979" result="Passed" start-time="2020-04-20 14:58:47Z" end-time="2020-04-20 14:58:47Z" duration="0.006839" asserts="2" />
        <test-case id="1020" name="TestGetPlayerIndex" fullname="Schafkopf_Test.SchafkopfGameTest.TestGetPlayerIndex" methodname="TestGetPlayerIndex" classname="Schafkopf_Test.SchafkopfGameTest" runstate="Runnable" seed="1194579271" result="Passed" start-time="2020-04-20 14:58:47Z" end-time="2020-04-20 14:58:47Z" duration="0.000555" asserts="1" />
        <test-case id="1016" name="TestNumberOfCards" fullname="Schafkopf_Test.SchafkopfGameTest.TestNumberOfCards" methodname="TestNumberOfCards" classname="Schafkopf_Test.SchafkopfGameTest" runstate="Runnable" seed="650353108" result="Passed" start-time="2020-04-20 14:58:47Z" end-time="2020-04-20 14:58:47Z" duration="0.000391" asserts="4" />
        <test-case id="1015" name="TestNumberOfPlayers" fullname="Schafkopf_Test.SchafkopfGameTest.TestNumberOfPlayers" methodname="TestNumberOfPlayers" classname="Schafkopf_Test.SchafkopfGameTest" runstate="Runnable" seed="1257690273" result="Passed" start-time="2020-04-20 14:58:47Z" end-time="2020-04-20 14:58:47Z" duration="0.000261" asserts="1" />
        <test-case id="1019" name="TestRedistributeStich" fullname="Schafkopf_Test.SchafkopfGameTest.TestRedistributeStich" methodname="TestRedistributeStich" classname="Schafkopf_Test.SchafkopfGameTest" runstate="Runnable" seed="1159756940" result="Passed" start-time="2020-04-20 14:58:47Z" end-time="2020-04-20 14:58:47Z" duration="0.001471" asserts="10" />
      </test-suite>
    </test-suite>
  </test-suite>
</test-run>