<?xml version="1.0" encoding="utf-8"?>
<test-run id="2" name="Schafkopf-Test.exe" fullname="C:/Users/johan/Documents/GitHub/schafkopf/Schafkopf/Schafkopf-Test/bin/Debug/Schafkopf-Test.exe" testcasecount="13" result="Passed" start-time="2020-03-21 16:08:00Z" end-time="2020-03-21 16:08:00Z" duration="0.104927" total="13" passed="13" failed="0" inconclusive="0" skipped="0" asserts="54" random-seed="2019559471">
  <command-line><![CDATA["C:\Users\johan\Documents\GitHub\schafkopf\Schafkopf\Schafkopf-Test\bin\Debug\Schafkopf-Test.exe"   ]]></command-line>
  <filter />
  <test-suite type="Assembly" id="1015" name="Schafkopf-Test.exe" fullname="C:/Users/johan/Documents/GitHub/schafkopf/Schafkopf/Schafkopf-Test/bin/Debug/Schafkopf-Test.exe" runstate="Runnable" testcasecount="13" result="Passed" start-time="2020-03-21 16:08:00Z" end-time="2020-03-21 16:08:00Z" duration="0.104927" total="13" passed="13" failed="0" warnings="0" inconclusive="0" skipped="0" asserts="54">
    <environment framework-version="3.12.0.0" clr-version="4.0.30319.42000" os-version="Microsoft Windows NT 10.0.17763" platform="Win32NT" cwd="C:\Users\johan\Documents\GitHub\schafkopf\Schafkopf\Schafkopf-Test\bin\Debug" machine-name="DESKTOP-86HSREF" user="johan" user-domain="DESKTOP-86HSREF" culture="de-DE" uiculture="de-DE" os-architecture="x86" />
    <settings>
      <setting name="WorkDirectory" value="C:\Users\johan\Documents\GitHub\schafkopf\Schafkopf\Schafkopf-Test\bin\Debug" />
      <setting name="NumberOfTestWorkers" value="8" />
    </settings>
    <properties>
      <property name="_PID" value="14556" />
      <property name="_APPDOMAIN" value="Schafkopf-Test.exe" />
    </properties>
    <test-suite type="TestSuite" id="1016" name="Schafkopf_Test" fullname="Schafkopf_Test" runstate="Runnable" testcasecount="13" result="Passed" start-time="2020-03-21 16:08:00Z" end-time="2020-03-21 16:08:00Z" duration="0.092071" total="13" passed="13" failed="0" warnings="0" inconclusive="0" skipped="0" asserts="54">
      <test-suite type="TestFixture" id="1000" name="SauspielTest" fullname="Schafkopf_Test.SauspielTest" classname="Schafkopf_Test.SauspielTest" runstate="Runnable" testcasecount="10" result="Passed" start-time="2020-03-21 16:08:00Z" end-time="2020-03-21 16:08:00Z" duration="0.062555" total="10" passed="10" failed="0" warnings="0" inconclusive="0" skipped="0" asserts="17">
        <test-case id="1004" name="TestConstruction" fullname="Schafkopf_Test.SauspielTest.TestConstruction" methodname="TestConstruction" classname="Schafkopf_Test.SauspielTest" runstate="Runnable" seed="765423327" result="Passed" start-time="2020-03-21 16:08:00Z" end-time="2020-03-21 16:08:00Z" duration="0.033474" asserts="3" />
        <test-case id="1007" name="TestEichelOber" fullname="Schafkopf_Test.SauspielTest.TestEichelOber" methodname="TestEichelOber" classname="Schafkopf_Test.SauspielTest" runstate="Runnable" seed="646608237" result="Passed" start-time="2020-03-21 16:08:00Z" end-time="2020-03-21 16:08:00Z" duration="0.004404" asserts="2" />
        <test-case id="1010" name="TestErsteFarbeGespielt" fullname="Schafkopf_Test.SauspielTest.TestErsteFarbeGespielt" methodname="TestErsteFarbeGespielt" classname="Schafkopf_Test.SauspielTest" runstate="Runnable" seed="1173146443" result="Passed" start-time="2020-03-21 16:08:00Z" end-time="2020-03-21 16:08:00Z" duration="0.001662" asserts="2" />
        <test-case id="1008" name="TestHerz" fullname="Schafkopf_Test.SauspielTest.TestHerz" methodname="TestHerz" classname="Schafkopf_Test.SauspielTest" runstate="Runnable" seed="1493848436" result="Passed" start-time="2020-03-21 16:08:00Z" end-time="2020-03-21 16:08:00Z" duration="0.001109" asserts="2" />
        <test-case id="1005" name="TestHighestColor" fullname="Schafkopf_Test.SauspielTest.TestHighestColor" methodname="TestHighestColor" classname="Schafkopf_Test.SauspielTest" runstate="Runnable" seed="1510185746" result="Passed" start-time="2020-03-21 16:08:00Z" end-time="2020-03-21 16:08:00Z" duration="0.002560" asserts="1" />
        <test-case id="1006" name="TestHighestPoints" fullname="Schafkopf_Test.SauspielTest.TestHighestPoints" methodname="TestHighestPoints" classname="Schafkopf_Test.SauspielTest" runstate="Runnable" seed="620325520" result="Passed" start-time="2020-03-21 16:08:00Z" end-time="2020-03-21 16:08:00Z" duration="0.000514" asserts="2" />
        <test-case id="1001" name="TestIfAss" fullname="Schafkopf_Test.SauspielTest.TestIfAss" methodname="TestIfAss" classname="Schafkopf_Test.SauspielTest" runstate="Runnable" seed="91374340" result="Passed" start-time="2020-03-21 16:08:00Z" end-time="2020-03-21 16:08:00Z" duration="0.009093" asserts="1" />
        <test-case id="1002" name="TestIfPlayerDoesNotHaveColor" fullname="Schafkopf_Test.SauspielTest.TestIfPlayerDoesNotHaveColor" methodname="TestIfPlayerDoesNotHaveColor" classname="Schafkopf_Test.SauspielTest" runstate="Runnable" seed="2103634620" result="Passed" start-time="2020-03-21 16:08:00Z" end-time="2020-03-21 16:08:00Z" duration="0.000633" asserts="1" />
        <test-case id="1003" name="TestIfPlayerHasAssHimself" fullname="Schafkopf_Test.SauspielTest.TestIfPlayerHasAssHimself" methodname="TestIfPlayerHasAssHimself" classname="Schafkopf_Test.SauspielTest" runstate="Runnable" seed="1745768945" result="Passed" start-time="2020-03-21 16:08:00Z" end-time="2020-03-21 16:08:00Z" duration="0.000404" asserts="1" />
        <test-case id="1009" name="TestOberFarbe" fullname="Schafkopf_Test.SauspielTest.TestOberFarbe" methodname="TestOberFarbe" classname="Schafkopf_Test.SauspielTest" runstate="Runnable" seed="1607956657" result="Passed" start-time="2020-03-21 16:08:00Z" end-time="2020-03-21 16:08:00Z" duration="0.000924" asserts="2" />
      </test-suite>
      <test-suite type="TestFixture" id="1011" name="SchafkopfGameTest" fullname="Schafkopf_Test.SchafkopfGameTest" classname="Schafkopf_Test.SchafkopfGameTest" runstate="Runnable" testcasecount="3" result="Passed" start-time="2020-03-21 16:08:00Z" end-time="2020-03-21 16:08:00Z" duration="0.024528" total="3" passed="3" failed="0" warnings="0" inconclusive="0" skipped="0" asserts="37">
        <test-case id="1014" name="CheckIfCardDuplicated" fullname="Schafkopf_Test.SchafkopfGameTest.CheckIfCardDuplicated" methodname="CheckIfCardDuplicated" classname="Schafkopf_Test.SchafkopfGameTest" runstate="Runnable" seed="338584193" result="Passed" start-time="2020-03-21 16:08:00Z" end-time="2020-03-21 16:08:00Z" duration="0.019020" asserts="32" />
        <test-case id="1013" name="TestNumberOfCards" fullname="Schafkopf_Test.SchafkopfGameTest.TestNumberOfCards" methodname="TestNumberOfCards" classname="Schafkopf_Test.SchafkopfGameTest" runstate="Runnable" seed="1547779451" result="Passed" start-time="2020-03-21 16:08:00Z" end-time="2020-03-21 16:08:00Z" duration="0.004641" asserts="4" />
        <test-case id="1012" name="TestNumberOfPlayers" fullname="Schafkopf_Test.SchafkopfGameTest.TestNumberOfPlayers" methodname="TestNumberOfPlayers" classname="Schafkopf_Test.SchafkopfGameTest" runstate="Runnable" seed="910660616" result="Passed" start-time="2020-03-21 16:08:00Z" end-time="2020-03-21 16:08:00Z" duration="0.000636" asserts="1" />
      </test-suite>
    </test-suite>
  </test-suite>
</test-run>