<?xml version="1.0" encoding="utf-8"?>
<test-run id="2" name="Schafkopf-Test.exe" fullname="C:/Users/johan/Documents/GitHub/schafkopf/Schafkopf/Schafkopf-Test/bin/Debug/Schafkopf-Test.exe" testcasecount="16" result="Passed" start-time="2020-04-04 18:56:06Z" end-time="2020-04-04 18:56:06Z" duration="0.245555" total="16" passed="16" failed="0" inconclusive="0" skipped="0" asserts="67" random-seed="1976567844">
  <command-line><![CDATA["C:\Users\johan\Documents\GitHub\schafkopf\Schafkopf\Schafkopf-Test\bin\Debug\Schafkopf-Test.exe"   ]]></command-line>
  <filter />
  <test-suite type="Assembly" id="1018" name="Schafkopf-Test.exe" fullname="C:/Users/johan/Documents/GitHub/schafkopf/Schafkopf/Schafkopf-Test/bin/Debug/Schafkopf-Test.exe" runstate="Runnable" testcasecount="16" result="Passed" start-time="2020-04-04 18:56:06Z" end-time="2020-04-04 18:56:06Z" duration="0.245555" total="16" passed="16" failed="0" warnings="0" inconclusive="0" skipped="0" asserts="67">
    <environment framework-version="3.12.0.0" clr-version="4.0.30319.42000" os-version="Microsoft Windows NT 10.0.17763" platform="Win32NT" cwd="C:\Users\johan\Documents\GitHub\schafkopf\Schafkopf\Schafkopf-Test\bin\Debug" machine-name="DESKTOP-86HSREF" user="johan" user-domain="DESKTOP-86HSREF" culture="de-DE" uiculture="de-DE" os-architecture="x86" />
    <settings>
      <setting name="WorkDirectory" value="C:\Users\johan\Documents\GitHub\schafkopf\Schafkopf\Schafkopf-Test\bin\Debug" />
      <setting name="NumberOfTestWorkers" value="8" />
    </settings>
    <properties>
      <property name="_PID" value="5344" />
      <property name="_APPDOMAIN" value="Schafkopf-Test.exe" />
    </properties>
    <test-suite type="TestSuite" id="1019" name="Schafkopf_Test" fullname="Schafkopf_Test" runstate="Runnable" testcasecount="16" result="Passed" start-time="2020-04-04 18:56:06Z" end-time="2020-04-04 18:56:06Z" duration="0.221315" total="16" passed="16" failed="0" warnings="0" inconclusive="0" skipped="0" asserts="67">
      <test-suite type="TestFixture" id="1000" name="SauspielTest" fullname="Schafkopf_Test.SauspielTest" classname="Schafkopf_Test.SauspielTest" runstate="Runnable" testcasecount="10" result="Passed" start-time="2020-04-04 18:56:06Z" end-time="2020-04-04 18:56:06Z" duration="0.164139" total="10" passed="10" failed="0" warnings="0" inconclusive="0" skipped="0" asserts="17">
        <test-case id="1004" name="TestConstruction" fullname="Schafkopf_Test.SauspielTest.TestConstruction" methodname="TestConstruction" classname="Schafkopf_Test.SauspielTest" runstate="Runnable" seed="1544342372" result="Passed" start-time="2020-04-04 18:56:06Z" end-time="2020-04-04 18:56:06Z" duration="0.102939" asserts="3" />
        <test-case id="1007" name="TestEichelOber" fullname="Schafkopf_Test.SauspielTest.TestEichelOber" methodname="TestEichelOber" classname="Schafkopf_Test.SauspielTest" runstate="Runnable" seed="266663753" result="Passed" start-time="2020-04-04 18:56:06Z" end-time="2020-04-04 18:56:06Z" duration="0.010231" asserts="2" />
        <test-case id="1010" name="TestErsteFarbeGespielt" fullname="Schafkopf_Test.SauspielTest.TestErsteFarbeGespielt" methodname="TestErsteFarbeGespielt" classname="Schafkopf_Test.SauspielTest" runstate="Runnable" seed="1638868245" result="Passed" start-time="2020-04-04 18:56:06Z" end-time="2020-04-04 18:56:06Z" duration="0.002927" asserts="2" />
        <test-case id="1008" name="TestHerz" fullname="Schafkopf_Test.SauspielTest.TestHerz" methodname="TestHerz" classname="Schafkopf_Test.SauspielTest" runstate="Runnable" seed="325008263" result="Passed" start-time="2020-04-04 18:56:06Z" end-time="2020-04-04 18:56:06Z" duration="0.002093" asserts="2" />
        <test-case id="1005" name="TestHighestColor" fullname="Schafkopf_Test.SauspielTest.TestHighestColor" methodname="TestHighestColor" classname="Schafkopf_Test.SauspielTest" runstate="Runnable" seed="799100260" result="Passed" start-time="2020-04-04 18:56:06Z" end-time="2020-04-04 18:56:06Z" duration="0.005252" asserts="1" />
        <test-case id="1006" name="TestHighestPoints" fullname="Schafkopf_Test.SauspielTest.TestHighestPoints" methodname="TestHighestPoints" classname="Schafkopf_Test.SauspielTest" runstate="Runnable" seed="991741177" result="Passed" start-time="2020-04-04 18:56:06Z" end-time="2020-04-04 18:56:06Z" duration="0.001288" asserts="2" />
        <test-case id="1001" name="TestIfAss" fullname="Schafkopf_Test.SauspielTest.TestIfAss" methodname="TestIfAss" classname="Schafkopf_Test.SauspielTest" runstate="Runnable" seed="1092991966" result="Passed" start-time="2020-04-04 18:56:06Z" end-time="2020-04-04 18:56:06Z" duration="0.018983" asserts="1" />
        <test-case id="1002" name="TestIfPlayerDoesNotHaveColor" fullname="Schafkopf_Test.SauspielTest.TestIfPlayerDoesNotHaveColor" methodname="TestIfPlayerDoesNotHaveColor" classname="Schafkopf_Test.SauspielTest" runstate="Runnable" seed="714720169" result="Passed" start-time="2020-04-04 18:56:06Z" end-time="2020-04-04 18:56:06Z" duration="0.001214" asserts="1" />
        <test-case id="1003" name="TestIfPlayerHasAssHimself" fullname="Schafkopf_Test.SauspielTest.TestIfPlayerHasAssHimself" methodname="TestIfPlayerHasAssHimself" classname="Schafkopf_Test.SauspielTest" runstate="Runnable" seed="411158600" result="Passed" start-time="2020-04-04 18:56:06Z" end-time="2020-04-04 18:56:06Z" duration="0.001051" asserts="1" />
        <test-case id="1009" name="TestOberFarbe" fullname="Schafkopf_Test.SauspielTest.TestOberFarbe" methodname="TestOberFarbe" classname="Schafkopf_Test.SauspielTest" runstate="Runnable" seed="447355715" result="Passed" start-time="2020-04-04 18:56:06Z" end-time="2020-04-04 18:56:06Z" duration="0.002069" asserts="2" />
      </test-suite>
      <test-suite type="TestFixture" id="1011" name="SchafkopfGameTest" fullname="Schafkopf_Test.SchafkopfGameTest" classname="Schafkopf_Test.SchafkopfGameTest" runstate="Runnable" testcasecount="6" result="Passed" start-time="2020-04-04 18:56:06Z" end-time="2020-04-04 18:56:06Z" duration="0.048336" total="6" passed="6" failed="0" warnings="0" inconclusive="0" skipped="0" asserts="50">
        <test-case id="1014" name="CheckIfCardDuplicated" fullname="Schafkopf_Test.SchafkopfGameTest.CheckIfCardDuplicated" methodname="CheckIfCardDuplicated" classname="Schafkopf_Test.SchafkopfGameTest" runstate="Runnable" seed="1729621679" result="Passed" start-time="2020-04-04 18:56:06Z" end-time="2020-04-04 18:56:06Z" duration="0.025862" asserts="32" />
        <test-case id="1015" name="TestGetCardByValue" fullname="Schafkopf_Test.SchafkopfGameTest.TestGetCardByValue" methodname="TestGetCardByValue" classname="Schafkopf_Test.SchafkopfGameTest" runstate="Runnable" seed="508134875" result="Passed" start-time="2020-04-04 18:56:06Z" end-time="2020-04-04 18:56:06Z" duration="0.010638" asserts="2" />
        <test-case id="1017" name="TestGetPlayerIndex" fullname="Schafkopf_Test.SchafkopfGameTest.TestGetPlayerIndex" methodname="TestGetPlayerIndex" classname="Schafkopf_Test.SchafkopfGameTest" runstate="Runnable" seed="731984370" result="Passed" start-time="2020-04-04 18:56:06Z" end-time="2020-04-04 18:56:06Z" duration="0.004556" asserts="1" />
        <test-case id="1013" name="TestNumberOfCards" fullname="Schafkopf_Test.SchafkopfGameTest.TestNumberOfCards" methodname="TestNumberOfCards" classname="Schafkopf_Test.SchafkopfGameTest" runstate="Runnable" seed="1683055424" result="Passed" start-time="2020-04-04 18:56:06Z" end-time="2020-04-04 18:56:06Z" duration="0.000894" asserts="4" />
        <test-case id="1012" name="TestNumberOfPlayers" fullname="Schafkopf_Test.SchafkopfGameTest.TestNumberOfPlayers" methodname="TestNumberOfPlayers" classname="Schafkopf_Test.SchafkopfGameTest" runstate="Runnable" seed="625963432" result="Passed" start-time="2020-04-04 18:56:06Z" end-time="2020-04-04 18:56:06Z" duration="0.002142" asserts="1" />
        <test-case id="1016" name="TestRedistributeStich" fullname="Schafkopf_Test.SchafkopfGameTest.TestRedistributeStich" methodname="TestRedistributeStich" classname="Schafkopf_Test.SchafkopfGameTest" runstate="Runnable" seed="11249066" result="Passed" start-time="2020-04-04 18:56:06Z" end-time="2020-04-04 18:56:06Z" duration="0.003745" asserts="10" />
      </test-suite>
    </test-suite>
  </test-suite>
</test-run>