<?xml version="1.0" encoding="utf-8"?>
<test-run id="2" name="Schafkopf-Test.exe" fullname="C:/Users/johan/Documents/GitHub/schafkopf/Schafkopf/Schafkopf-Test/bin/Debug/Schafkopf-Test.exe" testcasecount="14" result="Passed" start-time="2020-04-04 13:52:32Z" end-time="2020-04-04 13:52:32Z" duration="0.139539" total="14" passed="14" failed="0" inconclusive="0" skipped="0" asserts="56" random-seed="719354336">
  <command-line><![CDATA["C:\Users\johan\Documents\GitHub\schafkopf\Schafkopf\Schafkopf-Test\bin\Debug\Schafkopf-Test.exe"   ]]></command-line>
  <filter />
  <test-suite type="Assembly" id="1016" name="Schafkopf-Test.exe" fullname="C:/Users/johan/Documents/GitHub/schafkopf/Schafkopf/Schafkopf-Test/bin/Debug/Schafkopf-Test.exe" runstate="Runnable" testcasecount="14" result="Passed" start-time="2020-04-04 13:52:32Z" end-time="2020-04-04 13:52:32Z" duration="0.139539" total="14" passed="14" failed="0" warnings="0" inconclusive="0" skipped="0" asserts="56">
    <environment framework-version="3.12.0.0" clr-version="4.0.30319.42000" os-version="Microsoft Windows NT 10.0.17763" platform="Win32NT" cwd="C:\Users\johan\Documents\GitHub\schafkopf\Schafkopf\Schafkopf-Test\bin\Debug" machine-name="DESKTOP-86HSREF" user="johan" user-domain="DESKTOP-86HSREF" culture="de-DE" uiculture="de-DE" os-architecture="x86" />
    <settings>
      <setting name="WorkDirectory" value="C:\Users\johan\Documents\GitHub\schafkopf\Schafkopf\Schafkopf-Test\bin\Debug" />
      <setting name="NumberOfTestWorkers" value="8" />
    </settings>
    <properties>
      <property name="_PID" value="18068" />
      <property name="_APPDOMAIN" value="Schafkopf-Test.exe" />
    </properties>
    <test-suite type="TestSuite" id="1017" name="Schafkopf_Test" fullname="Schafkopf_Test" runstate="Runnable" testcasecount="14" result="Passed" start-time="2020-04-04 13:52:32Z" end-time="2020-04-04 13:52:32Z" duration="0.126641" total="14" passed="14" failed="0" warnings="0" inconclusive="0" skipped="0" asserts="56">
      <test-suite type="TestFixture" id="1000" name="SauspielTest" fullname="Schafkopf_Test.SauspielTest" classname="Schafkopf_Test.SauspielTest" runstate="Runnable" testcasecount="10" result="Passed" start-time="2020-04-04 13:52:32Z" end-time="2020-04-04 13:52:32Z" duration="0.093562" total="10" passed="10" failed="0" warnings="0" inconclusive="0" skipped="0" asserts="17">
        <test-case id="1004" name="TestConstruction" fullname="Schafkopf_Test.SauspielTest.TestConstruction" methodname="TestConstruction" classname="Schafkopf_Test.SauspielTest" runstate="Runnable" seed="1014200267" result="Passed" start-time="2020-04-04 13:52:32Z" end-time="2020-04-04 13:52:32Z" duration="0.058654" asserts="3" />
        <test-case id="1007" name="TestEichelOber" fullname="Schafkopf_Test.SauspielTest.TestEichelOber" methodname="TestEichelOber" classname="Schafkopf_Test.SauspielTest" runstate="Runnable" seed="697389042" result="Passed" start-time="2020-04-04 13:52:32Z" end-time="2020-04-04 13:52:32Z" duration="0.004868" asserts="2" />
        <test-case id="1010" name="TestErsteFarbeGespielt" fullname="Schafkopf_Test.SauspielTest.TestErsteFarbeGespielt" methodname="TestErsteFarbeGespielt" classname="Schafkopf_Test.SauspielTest" runstate="Runnable" seed="1466668299" result="Passed" start-time="2020-04-04 13:52:32Z" end-time="2020-04-04 13:52:32Z" duration="0.001550" asserts="2" />
        <test-case id="1008" name="TestHerz" fullname="Schafkopf_Test.SauspielTest.TestHerz" methodname="TestHerz" classname="Schafkopf_Test.SauspielTest" runstate="Runnable" seed="1489146906" result="Passed" start-time="2020-04-04 13:52:32Z" end-time="2020-04-04 13:52:32Z" duration="0.001220" asserts="2" />
        <test-case id="1005" name="TestHighestColor" fullname="Schafkopf_Test.SauspielTest.TestHighestColor" methodname="TestHighestColor" classname="Schafkopf_Test.SauspielTest" runstate="Runnable" seed="2041372165" result="Passed" start-time="2020-04-04 13:52:32Z" end-time="2020-04-04 13:52:32Z" duration="0.002782" asserts="1" />
        <test-case id="1006" name="TestHighestPoints" fullname="Schafkopf_Test.SauspielTest.TestHighestPoints" methodname="TestHighestPoints" classname="Schafkopf_Test.SauspielTest" runstate="Runnable" seed="2022533687" result="Passed" start-time="2020-04-04 13:52:32Z" end-time="2020-04-04 13:52:32Z" duration="0.000632" asserts="2" />
        <test-case id="1001" name="TestIfAss" fullname="Schafkopf_Test.SauspielTest.TestIfAss" methodname="TestIfAss" classname="Schafkopf_Test.SauspielTest" runstate="Runnable" seed="1446091890" result="Passed" start-time="2020-04-04 13:52:32Z" end-time="2020-04-04 13:52:32Z" duration="0.013254" asserts="1" />
        <test-case id="1002" name="TestIfPlayerDoesNotHaveColor" fullname="Schafkopf_Test.SauspielTest.TestIfPlayerDoesNotHaveColor" methodname="TestIfPlayerDoesNotHaveColor" classname="Schafkopf_Test.SauspielTest" runstate="Runnable" seed="1013216819" result="Passed" start-time="2020-04-04 13:52:32Z" end-time="2020-04-04 13:52:32Z" duration="0.000657" asserts="1" />
        <test-case id="1003" name="TestIfPlayerHasAssHimself" fullname="Schafkopf_Test.SauspielTest.TestIfPlayerHasAssHimself" methodname="TestIfPlayerHasAssHimself" classname="Schafkopf_Test.SauspielTest" runstate="Runnable" seed="210998007" result="Passed" start-time="2020-04-04 13:52:32Z" end-time="2020-04-04 13:52:32Z" duration="0.000513" asserts="1" />
        <test-case id="1009" name="TestOberFarbe" fullname="Schafkopf_Test.SauspielTest.TestOberFarbe" methodname="TestOberFarbe" classname="Schafkopf_Test.SauspielTest" runstate="Runnable" seed="864873254" result="Passed" start-time="2020-04-04 13:52:32Z" end-time="2020-04-04 13:52:32Z" duration="0.001040" asserts="2" />
      </test-suite>
      <test-suite type="TestFixture" id="1011" name="SchafkopfGameTest" fullname="Schafkopf_Test.SchafkopfGameTest" classname="Schafkopf_Test.SchafkopfGameTest" runstate="Runnable" testcasecount="4" result="Passed" start-time="2020-04-04 13:52:32Z" end-time="2020-04-04 13:52:32Z" duration="0.027502" total="4" passed="4" failed="0" warnings="0" inconclusive="0" skipped="0" asserts="39">
        <test-case id="1014" name="CheckIfCardDuplicated" fullname="Schafkopf_Test.SchafkopfGameTest.CheckIfCardDuplicated" methodname="CheckIfCardDuplicated" classname="Schafkopf_Test.SchafkopfGameTest" runstate="Runnable" seed="1778571057" result="Passed" start-time="2020-04-04 13:52:32Z" end-time="2020-04-04 13:52:32Z" duration="0.017992" asserts="32" />
        <test-case id="1015" name="TestGetCardByValue" fullname="Schafkopf_Test.SchafkopfGameTest.TestGetCardByValue" methodname="TestGetCardByValue" classname="Schafkopf_Test.SchafkopfGameTest" runstate="Runnable" seed="666979614" result="Passed" start-time="2020-04-04 13:52:32Z" end-time="2020-04-04 13:52:32Z" duration="0.006378" asserts="2" />
        <test-case id="1013" name="TestNumberOfCards" fullname="Schafkopf_Test.SchafkopfGameTest.TestNumberOfCards" methodname="TestNumberOfCards" classname="Schafkopf_Test.SchafkopfGameTest" runstate="Runnable" seed="1435189027" result="Passed" start-time="2020-04-04 13:52:32Z" end-time="2020-04-04 13:52:32Z" duration="0.002119" asserts="4" />
        <test-case id="1012" name="TestNumberOfPlayers" fullname="Schafkopf_Test.SchafkopfGameTest.TestNumberOfPlayers" methodname="TestNumberOfPlayers" classname="Schafkopf_Test.SchafkopfGameTest" runstate="Runnable" seed="227600458" result="Passed" start-time="2020-04-04 13:52:32Z" end-time="2020-04-04 13:52:32Z" duration="0.000644" asserts="1" />
      </test-suite>
    </test-suite>
  </test-suite>
</test-run>