<?xml version="1.0" encoding="utf-8"?>
<test-run id="2" name="Schafkopf-Test.exe" fullname="C:/Users/johan/Documents/GitHub/schafkopf/Schafkopf/Schafkopf-Test/bin/Debug/Schafkopf-Test.exe" testcasecount="18" result="Passed" start-time="2020-04-05 09:26:04Z" end-time="2020-04-05 09:26:04Z" duration="0.170855" total="18" passed="18" failed="0" inconclusive="0" skipped="0" asserts="72" random-seed="1235088815">
  <command-line><![CDATA["C:\Users\johan\Documents\GitHub\schafkopf\Schafkopf\Schafkopf-Test\bin\Debug\Schafkopf-Test.exe"   ]]></command-line>
  <filter />
  <test-suite type="Assembly" id="1020" name="Schafkopf-Test.exe" fullname="C:/Users/johan/Documents/GitHub/schafkopf/Schafkopf/Schafkopf-Test/bin/Debug/Schafkopf-Test.exe" runstate="Runnable" testcasecount="18" result="Passed" start-time="2020-04-05 09:26:04Z" end-time="2020-04-05 09:26:04Z" duration="0.170855" total="18" passed="18" failed="0" warnings="0" inconclusive="0" skipped="0" asserts="72">
    <environment framework-version="3.12.0.0" clr-version="4.0.30319.42000" os-version="Microsoft Windows NT 10.0.17763" platform="Win32NT" cwd="C:\Users\johan\Documents\GitHub\schafkopf\Schafkopf\Schafkopf-Test\bin\Debug" machine-name="DESKTOP-86HSREF" user="johan" user-domain="DESKTOP-86HSREF" culture="de-DE" uiculture="de-DE" os-architecture="x86" />
    <settings>
      <setting name="WorkDirectory" value="C:\Users\johan\Documents\GitHub\schafkopf\Schafkopf\Schafkopf-Test\bin\Debug" />
      <setting name="NumberOfTestWorkers" value="8" />
    </settings>
    <properties>
      <property name="_PID" value="18552" />
      <property name="_APPDOMAIN" value="Schafkopf-Test.exe" />
    </properties>
    <test-suite type="TestSuite" id="1021" name="Schafkopf_Test" fullname="Schafkopf_Test" runstate="Runnable" testcasecount="18" result="Passed" start-time="2020-04-05 09:26:04Z" end-time="2020-04-05 09:26:04Z" duration="0.149352" total="18" passed="18" failed="0" warnings="0" inconclusive="0" skipped="0" asserts="72">
      <test-suite type="TestFixture" id="1000" name="SauspielTest" fullname="Schafkopf_Test.SauspielTest" classname="Schafkopf_Test.SauspielTest" runstate="Runnable" testcasecount="10" result="Passed" start-time="2020-04-05 09:26:04Z" end-time="2020-04-05 09:26:04Z" duration="0.085680" total="10" passed="10" failed="0" warnings="0" inconclusive="0" skipped="0" asserts="17">
        <test-case id="1004" name="TestConstruction" fullname="Schafkopf_Test.SauspielTest.TestConstruction" methodname="TestConstruction" classname="Schafkopf_Test.SauspielTest" runstate="Runnable" seed="1888592442" result="Passed" start-time="2020-04-05 09:26:04Z" end-time="2020-04-05 09:26:04Z" duration="0.047450" asserts="3" />
        <test-case id="1007" name="TestEichelOber" fullname="Schafkopf_Test.SauspielTest.TestEichelOber" methodname="TestEichelOber" classname="Schafkopf_Test.SauspielTest" runstate="Runnable" seed="84041784" result="Passed" start-time="2020-04-05 09:26:04Z" end-time="2020-04-05 09:26:04Z" duration="0.006003" asserts="2" />
        <test-case id="1010" name="TestErsteFarbeGespielt" fullname="Schafkopf_Test.SauspielTest.TestErsteFarbeGespielt" methodname="TestErsteFarbeGespielt" classname="Schafkopf_Test.SauspielTest" runstate="Runnable" seed="1123221603" result="Passed" start-time="2020-04-05 09:26:04Z" end-time="2020-04-05 09:26:04Z" duration="0.001938" asserts="2" />
        <test-case id="1008" name="TestHerz" fullname="Schafkopf_Test.SauspielTest.TestHerz" methodname="TestHerz" classname="Schafkopf_Test.SauspielTest" runstate="Runnable" seed="656304948" result="Passed" start-time="2020-04-05 09:26:04Z" end-time="2020-04-05 09:26:04Z" duration="0.001183" asserts="2" />
        <test-case id="1005" name="TestHighestColor" fullname="Schafkopf_Test.SauspielTest.TestHighestColor" methodname="TestHighestColor" classname="Schafkopf_Test.SauspielTest" runstate="Runnable" seed="511728928" result="Passed" start-time="2020-04-05 09:26:04Z" end-time="2020-04-05 09:26:04Z" duration="0.003451" asserts="1" />
        <test-case id="1006" name="TestHighestPoints" fullname="Schafkopf_Test.SauspielTest.TestHighestPoints" methodname="TestHighestPoints" classname="Schafkopf_Test.SauspielTest" runstate="Runnable" seed="418786007" result="Passed" start-time="2020-04-05 09:26:04Z" end-time="2020-04-05 09:26:04Z" duration="0.000719" asserts="2" />
        <test-case id="1001" name="TestIfAss" fullname="Schafkopf_Test.SauspielTest.TestIfAss" methodname="TestIfAss" classname="Schafkopf_Test.SauspielTest" runstate="Runnable" seed="225626381" result="Passed" start-time="2020-04-05 09:26:04Z" end-time="2020-04-05 09:26:04Z" duration="0.011540" asserts="1" />
        <test-case id="1002" name="TestIfPlayerDoesNotHaveColor" fullname="Schafkopf_Test.SauspielTest.TestIfPlayerDoesNotHaveColor" methodname="TestIfPlayerDoesNotHaveColor" classname="Schafkopf_Test.SauspielTest" runstate="Runnable" seed="1661614226" result="Passed" start-time="2020-04-05 09:26:04Z" end-time="2020-04-05 09:26:04Z" duration="0.000615" asserts="1" />
        <test-case id="1003" name="TestIfPlayerHasAssHimself" fullname="Schafkopf_Test.SauspielTest.TestIfPlayerHasAssHimself" methodname="TestIfPlayerHasAssHimself" classname="Schafkopf_Test.SauspielTest" runstate="Runnable" seed="1258378042" result="Passed" start-time="2020-04-05 09:26:04Z" end-time="2020-04-05 09:26:04Z" duration="0.000507" asserts="1" />
        <test-case id="1009" name="TestOberFarbe" fullname="Schafkopf_Test.SauspielTest.TestOberFarbe" methodname="TestOberFarbe" classname="Schafkopf_Test.SauspielTest" runstate="Runnable" seed="672127798" result="Passed" start-time="2020-04-05 09:26:04Z" end-time="2020-04-05 09:26:04Z" duration="0.001131" asserts="2" />
      </test-suite>
      <test-suite type="TestFixture" id="1011" name="SchafkopfGameTest" fullname="Schafkopf_Test.SchafkopfGameTest" classname="Schafkopf_Test.SchafkopfGameTest" runstate="Runnable" testcasecount="8" result="Passed" start-time="2020-04-05 09:26:04Z" end-time="2020-04-05 09:26:04Z" duration="0.056154" total="8" passed="8" failed="0" warnings="0" inconclusive="0" skipped="0" asserts="55">
        <test-case id="1014" name="CheckIfCardDuplicated" fullname="Schafkopf_Test.SchafkopfGameTest.CheckIfCardDuplicated" methodname="CheckIfCardDuplicated" classname="Schafkopf_Test.SchafkopfGameTest" runstate="Runnable" seed="1476642565" result="Passed" start-time="2020-04-05 09:26:04Z" end-time="2020-04-05 09:26:04Z" duration="0.021849" asserts="32" />
        <test-case id="1018" name="TestCountPoints" fullname="Schafkopf_Test.SchafkopfGameTest.TestCountPoints" methodname="TestCountPoints" classname="Schafkopf_Test.SchafkopfGameTest" runstate="Runnable" seed="1538618121" result="Passed" start-time="2020-04-05 09:26:04Z" end-time="2020-04-05 09:26:04Z" duration="0.010498" asserts="1" />
        <test-case id="1019" name="TestCountPointsByPlayer" fullname="Schafkopf_Test.SchafkopfGameTest.TestCountPointsByPlayer" methodname="TestCountPointsByPlayer" classname="Schafkopf_Test.SchafkopfGameTest" runstate="Runnable" seed="382022822" result="Passed" start-time="2020-04-05 09:26:04Z" end-time="2020-04-05 09:26:04Z" duration="0.007460" asserts="4" />
        <test-case id="1015" name="TestGetCardByValue" fullname="Schafkopf_Test.SchafkopfGameTest.TestGetCardByValue" methodname="TestGetCardByValue" classname="Schafkopf_Test.SchafkopfGameTest" runstate="Runnable" seed="1631517887" result="Passed" start-time="2020-04-05 09:26:04Z" end-time="2020-04-05 09:26:04Z" duration="0.010555" asserts="2" />
        <test-case id="1017" name="TestGetPlayerIndex" fullname="Schafkopf_Test.SchafkopfGameTest.TestGetPlayerIndex" methodname="TestGetPlayerIndex" classname="Schafkopf_Test.SchafkopfGameTest" runstate="Runnable" seed="1216420132" result="Passed" start-time="2020-04-05 09:26:04Z" end-time="2020-04-05 09:26:04Z" duration="0.001051" asserts="1" />
        <test-case id="1013" name="TestNumberOfCards" fullname="Schafkopf_Test.SchafkopfGameTest.TestNumberOfCards" methodname="TestNumberOfCards" classname="Schafkopf_Test.SchafkopfGameTest" runstate="Runnable" seed="1212409167" result="Passed" start-time="2020-04-05 09:26:04Z" end-time="2020-04-05 09:26:04Z" duration="0.000785" asserts="4" />
        <test-case id="1012" name="TestNumberOfPlayers" fullname="Schafkopf_Test.SchafkopfGameTest.TestNumberOfPlayers" methodname="TestNumberOfPlayers" classname="Schafkopf_Test.SchafkopfGameTest" runstate="Runnable" seed="499040319" result="Passed" start-time="2020-04-05 09:26:04Z" end-time="2020-04-05 09:26:04Z" duration="0.000549" asserts="1" />
        <test-case id="1016" name="TestRedistributeStich" fullname="Schafkopf_Test.SchafkopfGameTest.TestRedistributeStich" methodname="TestRedistributeStich" classname="Schafkopf_Test.SchafkopfGameTest" runstate="Runnable" seed="563719853" result="Passed" start-time="2020-04-05 09:26:04Z" end-time="2020-04-05 09:26:04Z" duration="0.002931" asserts="10" />
      </test-suite>
    </test-suite>
  </test-suite>
</test-run>